\BOOKMARK [0][-]{section*.1}{Contents}{}
\BOOKMARK [-1][-]{part.1}{स्वास्थ्य-रक्षणं॥}{}
\BOOKMARK [0][-]{chapter.1}{योगासनानि॥}{part.1}
\BOOKMARK [1][-]{section.1.1}{परिचयं॥}{chapter.1}
\BOOKMARK [1][-]{section.1.2}{Current contortion goals}{chapter.1}
\BOOKMARK [1][-]{section.1.3}{आयोगाभ्यासं॥}{chapter.1}
\BOOKMARK [1][-]{section.1.4}{क्रिया-श्रेणिः॥}{chapter.1}
\BOOKMARK [2][-]{subsection.1.4.1}{Clear the nose}{section.1.4}
\BOOKMARK [2][-]{subsection.1.4.2}{Loosen the backbone and the muscles attached to it}{section.1.4}
\BOOKMARK [2][-]{subsection.1.4.3}{Loosen the feet and the arm muscles}{section.1.4}
\BOOKMARK [2][-]{subsection.1.4.4}{Loosen the hamstring muscles and the lower back}{section.1.4}
\BOOKMARK [2][-]{subsection.1.4.5}{Work on the hamstring muscles}{section.1.4}
\BOOKMARK [2][-]{subsection.1.4.6}{Clear the respiratory tract}{section.1.4}
\BOOKMARK [2][-]{subsection.1.4.7}{Work on the eyes}{section.1.4}
\BOOKMARK [2][-]{subsection.1.4.8}{Work on balance, backbone and the arms}{section.1.4}
\BOOKMARK [2][-]{subsection.1.4.9}{Work on the backbone and the muscles attached to it}{section.1.4}
\BOOKMARK [2][-]{subsection.1.4.10}{Strengthen the arms, work on balance}{section.1.4}
\BOOKMARK [2][-]{subsection.1.4.11}{recover from physical strain of the Asanas}{section.1.4}
\BOOKMARK [-1][-]{part.2}{क्रिया-विशेषाः॥}{}
\BOOKMARK [0][-]{chapter.2}{मल-विसर्जनं॥}{part.2}
\BOOKMARK [0][-]{chapter.3}{मूत्र-विसर्जनं॥}{part.2}
\BOOKMARK [0][-]{chapter.4}{स्त्री-रतिः॥}{part.2}
\BOOKMARK [1][-]{section.4.1}{अभिनयः॥}{chapter.4}
\BOOKMARK [1][-]{section.4.2}{पूर्व-क्रिया॥}{chapter.4}
\BOOKMARK [1][-]{section.4.3}{प्रवेशः॥}{chapter.4}
\BOOKMARK [1][-]{section.4.4}{लिङ्ग-रतिः॥}{chapter.4}
\BOOKMARK [1][-]{section.4.5}{निर्गमनं॥}{chapter.4}
\BOOKMARK [0][-]{chapter.5}{शरीरस्य विश्रान्तिः॥}{part.2}
\BOOKMARK [0][-]{chapter.6}{उपवेशनं॥}{part.2}
\BOOKMARK [0][-]{chapter.7}{शिर-केशः॥}{part.2}
\BOOKMARK [1][-]{section.7.1}{लाम्ब्यं॥}{chapter.7}
\BOOKMARK [1][-]{section.7.2}{शिराग्र-मुण्डनं॥}{chapter.7}
\BOOKMARK [2][-]{subsection.7.2.1}{धेयानि॥}{section.7.2}
\BOOKMARK [2][-]{subsection.7.2.2}{विधिः॥}{section.7.2}
\BOOKMARK [1][-]{section.7.3}{शिखाधरणं।}{chapter.7}
\BOOKMARK [0][-]{chapter.8}{Ergonomics while using the computer}{part.2}
\BOOKMARK [1][-]{section.8.1}{Sitting vs standing}{chapter.8}
\BOOKMARK [1][-]{section.8.2}{Posture}{chapter.8}
\BOOKMARK [1][-]{section.8.3}{Shoulder comfort}{chapter.8}
\BOOKMARK [2][-]{subsection.8.3.1}{Chair/ desk height}{section.8.3}
\BOOKMARK [2][-]{subsection.8.3.2}{Mouse position and use}{section.8.3}
\BOOKMARK [1][-]{section.8.4}{Neck comfort}{chapter.8}
\BOOKMARK [1][-]{section.8.5}{Eye comfort}{chapter.8}
\BOOKMARK [1][-]{section.8.6}{Wrist comfort}{chapter.8}
\BOOKMARK [1][-]{section.8.7}{Breaks}{chapter.8}
\BOOKMARK [0][-]{chapter.9}{चलनं॥}{part.2}
\BOOKMARK [0][-]{chapter.10}{धावनं॥}{part.2}
\BOOKMARK [1][-]{section.10.1}{पर्वत-अवरोहणं॥}{chapter.10}
\BOOKMARK [0][-]{chapter.11}{वृक्ष-पर्वतयोः आरोहणं, नदि तरणं॥}{part.2}
