\BOOKMARK [-1][-]{part.1}{Objective and strategies}{}
\BOOKMARK [0][-]{chapter.1}{dhEyAH cha mArgAH vibhinna-ghanatAsu}{part.1}
\BOOKMARK [1][-]{section.1.1}{vimarsha-tantrAH}{chapter.1}
\BOOKMARK [2][-]{subsection.1.1.1}{udyOga-ruchayaH}{section.1.1}
\BOOKMARK [3][-]{subsubsection.1.1.1.1}{svAbhAvikaH-ruchiH}{subsection.1.1.1}
\BOOKMARK [3][-]{subsubsection.1.1.1.2}{Avashyaka-guNAni}{subsection.1.1.1}
\BOOKMARK [3][-]{subsubsection.1.1.1.3}{kAmya-guNAni}{subsection.1.1.1}
\BOOKMARK [2][-]{subsection.1.1.2}{dhEya-kalpanAyAM}{section.1.1}
\BOOKMARK [3][-]{subsubsection.1.1.2.1}{vimarsha-bIja-prashnAH}{subsection.1.1.2}
\BOOKMARK [3][-]{subsubsection.1.1.2.2}{Having great impact}{subsection.1.1.2}
\BOOKMARK [3][-]{subsubsection.1.1.2.3}{dhEya-pAvitryaM}{subsection.1.1.2}
\BOOKMARK [2][-]{subsection.1.1.3}{mArga-yOjanAyAM}{section.1.1}
\BOOKMARK [3][-]{subsubsection.1.1.3.1}{Deliberate practice}{subsection.1.1.3}
\BOOKMARK [3][-]{subsubsection.1.1.3.2}{suparisarasya sthAnaM}{subsection.1.1.3}
\BOOKMARK [3][-]{subsubsection.1.1.3.3}{॥क्रान्ति-केन्द्राः॥}{subsection.1.1.3}
\BOOKMARK [1][-]{section.1.2}{dIrgha-kAlInAH}{chapter.1}
\BOOKMARK [2][-]{subsection.1.2.1}{dhEyAH kalpitAH}{section.1.2}
\BOOKMARK [3][-]{subsubsection.1.2.1.1}{anusandhAnaM abhiyAntrikaM}{subsection.1.2.1}
\BOOKMARK [3][-]{subsubsection.1.2.1.2}{saMshOdhanaM}{subsection.1.2.1}
\BOOKMARK [3][-]{subsubsection.1.2.1.3}{shikShaNaM}{subsection.1.2.1}
\BOOKMARK [3][-]{subsubsection.1.2.1.4}{saMskRRiti-rakShaNaM}{subsection.1.2.1}
\BOOKMARK [3][-]{subsubsection.1.2.1.5}{vitta-upArjanaM}{subsection.1.2.1}
\BOOKMARK [2][-]{subsection.1.2.2}{saMshodhana-dhEya-samarthanaM}{section.1.2}
\BOOKMARK [3][-]{subsubsection.1.2.2.1}{aadarshe saahasasya maahatyaM}{subsection.1.2.2}
\BOOKMARK [3][-]{subsubsection.1.2.2.2}{Resource expended during training is not wasted}{subsection.1.2.2}
\BOOKMARK [3][-]{subsubsection.1.2.2.3}{Fewer, but good discoveries}{subsection.1.2.2}
\BOOKMARK [2][-]{subsection.1.2.3}{mArgAH yOjitAH}{section.1.2}
\BOOKMARK [3][-]{subsubsection.1.2.3.1}{saMshOdhaka-AchAryaH}{subsection.1.2.3}
\BOOKMARK [3][-]{subsubsection.1.2.3.2}{udyama-abhiyAntrikaH}{subsection.1.2.3}
\BOOKMARK [3][-]{subsubsection.1.2.3.3}{saMshOdhanaM svatantraM}{subsection.1.2.3}
\BOOKMARK [3][-]{subsubsection.1.2.3.4}{gRRiha-chAlakaH}{subsection.1.2.3}
\BOOKMARK [2][-]{subsection.1.2.4}{tiraskRRita-mArgAH}{section.1.2}
\BOOKMARK [3][-]{subsubsection.1.2.4.1}{Entrepreuneur}{subsection.1.2.4}
\BOOKMARK [3][-]{subsubsection.1.2.4.2}{Non-profits}{subsection.1.2.4}
\BOOKMARK [3][-]{subsubsection.1.2.4.3}{Financial analysis}{subsection.1.2.4}
\BOOKMARK [1][-]{section.1.3}{madhyama-kAlInAH}{chapter.1}
\BOOKMARK [2][-]{subsection.1.3.1}{dhEyAH}{section.1.3}
\BOOKMARK [3][-]{subsubsection.1.3.1.1}{Statistics saMshOdhanaM}{subsection.1.3.1}
\BOOKMARK [2][-]{subsection.1.3.2}{mArgAH}{section.1.3}
\BOOKMARK [3][-]{subsubsection.1.3.2.1}{saMshOdhana-anubhavaH dIrghaH}{subsection.1.3.2}
\BOOKMARK [3][-]{subsubsection.1.3.2.2}{udyama-nEtRRi-saMparkaH}{subsection.1.3.2}
\BOOKMARK [1][-]{section.1.4}{vartamAna-kAlInaH}{chapter.1}
\BOOKMARK [2][-]{subsection.1.4.1}{dhEyAH saMshOdhana-bala-prAptiH}{section.1.4}
\BOOKMARK [2][-]{subsection.1.4.2}{saMshOdhana-anusaraNasya samarthanaM}{section.1.4}
\BOOKMARK [2][-]{subsection.1.4.3}{mArgaH}{section.1.4}
\BOOKMARK [3][-]{subsubsection.1.4.3.1}{PhD prApti-vyavasthA}{subsection.1.4.3}
\BOOKMARK [3][-]{subsubsection.1.4.3.2}{udyama-abhiyAntrikaH}{subsection.1.4.3}
\BOOKMARK [1][-]{section.1.5}{Research: Common Motivations}{chapter.1}
\BOOKMARK [2][-]{subsection.1.5.1}{Impressing peers}{section.1.5}
\BOOKMARK [2][-]{subsection.1.5.2}{Ignoring money}{section.1.5}
\BOOKMARK [2][-]{subsection.1.5.3}{Immigrants}{section.1.5}
\BOOKMARK [2][-]{subsection.1.5.4}{Ignoring old age and family}{section.1.5}
\BOOKMARK [2][-]{subsection.1.5.5}{Ignoring job security}{section.1.5}
\BOOKMARK [0][-]{chapter.2}{Job Strategy}{part.1}
\BOOKMARK [1][-]{section.2.1}{sAMsthAnika-udyOga-guNa-mEyanaM}{chapter.2}
\BOOKMARK [1][-]{section.2.2}{saMshOdhaka-Acharya-mArgaH}{chapter.2}
\BOOKMARK [2][-]{subsection.2.2.1}{mArga-kramaH}{section.2.2}
\BOOKMARK [2][-]{subsection.2.2.2}{sulabha-saMsthAnAni}{section.2.2}
\BOOKMARK [1][-]{section.2.3}{Getting jobs}{chapter.2}
\BOOKMARK [2][-]{subsection.2.3.1}{Timing}{section.2.3}
\BOOKMARK [2][-]{subsection.2.3.2}{Job search venues}{section.2.3}
\BOOKMARK [3][-]{subsubsection.2.3.2.1}{Contacts}{subsection.2.3.2}
\BOOKMARK [2][-]{subsection.2.3.3}{Internships}{section.2.3}
\BOOKMARK [2][-]{subsection.2.3.4}{Interview and appraisal}{section.2.3}
\BOOKMARK [2][-]{subsection.2.3.5}{Dealing with rejection}{section.2.3}
\BOOKMARK [1][-]{section.2.4}{Job information}{chapter.2}
\BOOKMARK [2][-]{subsection.2.4.1}{External advice}{section.2.4}
\BOOKMARK [2][-]{subsection.2.4.2}{Talk to current employees}{section.2.4}
\BOOKMARK [1][-]{section.2.5}{antarjAle kAryaM}{chapter.2}
\BOOKMARK [-1][-]{part.2}{sAMsthAnika-kAryaM}{}
\BOOKMARK [0][-]{chapter.3}{Industry}{part.2}
\BOOKMARK [1][-]{section.3.1}{Research labs in industry and institutes}{chapter.3}
\BOOKMARK [2][-]{subsection.3.1.1}{Choices}{section.3.1}
\BOOKMARK [2][-]{subsection.3.1.2}{Strategy}{section.3.1}
\BOOKMARK [2][-]{subsection.3.1.3}{Rewards}{section.3.1}
\BOOKMARK [2][-]{subsection.3.1.4}{Risks}{section.3.1}
\BOOKMARK [1][-]{section.3.2}{Engineering in Industry and consulting companies}{chapter.3}
\BOOKMARK [2][-]{subsection.3.2.1}{Risks}{section.3.2}
\BOOKMARK [2][-]{subsection.3.2.2}{Choices}{section.3.2}
\BOOKMARK [2][-]{subsection.3.2.3}{Hard Interview questions}{section.3.2}
\BOOKMARK [0][-]{chapter.4}{Academia}{part.2}
\BOOKMARK [1][-]{section.4.1}{Mission}{chapter.4}
\BOOKMARK [2][-]{subsection.4.1.1}{Research}{section.4.1}
\BOOKMARK [1][-]{section.4.2}{Location}{chapter.4}
\BOOKMARK [1][-]{section.4.3}{Hunting jobs}{chapter.4}
\BOOKMARK [2][-]{subsection.4.3.1}{Departments}{section.4.3}
\BOOKMARK [2][-]{subsection.4.3.2}{Job crunch}{section.4.3}
\BOOKMARK [2][-]{subsection.4.3.3}{Getting a Tenure track job}{section.4.3}
\BOOKMARK [1][-]{section.4.4}{Risks}{chapter.4}
\BOOKMARK [2][-]{subsection.4.4.1}{Average trajectory in USA}{section.4.4}
\BOOKMARK [2][-]{subsection.4.4.2}{Salary}{section.4.4}
\BOOKMARK [2][-]{subsection.4.4.3}{Grant crunch}{section.4.4}
\BOOKMARK [2][-]{subsection.4.4.4}{Dishonesty and personality problems}{section.4.4}
\BOOKMARK [2][-]{subsection.4.4.5}{Paucity of students}{section.4.4}
\BOOKMARK [2][-]{subsection.4.4.6}{Work-load}{section.4.4}
\BOOKMARK [3][-]{subsubsection.4.4.6.1}{Personal life}{subsection.4.4.6}
\BOOKMARK [2][-]{subsection.4.4.7}{Common bitterness}{section.4.4}
\BOOKMARK [2][-]{subsection.4.4.8}{Other factors}{section.4.4}
\BOOKMARK [1][-]{section.4.5}{Adjunct work}{chapter.4}
\BOOKMARK [2][-]{subsection.4.5.1}{Risks}{section.4.5}
\BOOKMARK [1][-]{section.4.6}{Research professor}{chapter.4}
\BOOKMARK [1][-]{section.4.7}{Tenured work}{chapter.4}
\BOOKMARK [2][-]{subsection.4.7.1}{Tenure requirements}{section.4.7}
\BOOKMARK [2][-]{subsection.4.7.2}{Risks}{section.4.7}
\BOOKMARK [1][-]{section.4.8}{High schools and community colleges}{chapter.4}
