\BOOKMARK [0][-]{section*.1}{Contents}{}
\BOOKMARK [-1][-]{part.1}{पूर्व-वाचः॥}{}
\BOOKMARK [0][-]{chapter.1}{॥प्रार्थनं॥}{part.1}
\BOOKMARK [0][-]{chapter.2}{॥सत्यं, अनुमानं॥}{part.1}
\BOOKMARK [1][-]{section.2.1}{Bounded rationality}{chapter.2}
\BOOKMARK [1][-]{section.2.2}{॥अनुमान-परिशोधनौ कुर्यात्॥}{chapter.2}
\BOOKMARK [-1][-]{part.2}{अन्तः-स्थितिः॥}{}
\BOOKMARK [0][-]{chapter.3}{इन्द्रियाणि॥}{part.2}
\BOOKMARK [1][-]{section.3.1}{इन्द्रिय-विनोदः॥}{chapter.3}
\BOOKMARK [2][-]{subsection.3.1.1}{इन्द्रिय-पीडा॥}{section.3.1}
\BOOKMARK [0][-]{chapter.4}{बुद्धिः॥}{part.2}
\BOOKMARK [1][-]{section.4.1}{निश्चयात्मिका॥}{chapter.4}
\BOOKMARK [1][-]{section.4.2}{बुद्धि-वैविध्य-गुणानि॥}{chapter.4}
\BOOKMARK [2][-]{subsection.4.2.1}{विषयाणा कालः॥}{section.4.2}
\BOOKMARK [3][-]{subsubsection.4.2.1.1}{भूतः॥}{subsection.4.2.1}
\BOOKMARK [3][-]{subsubsection.4.2.1.2}{\(अ\)भविष्यत्॥}{subsection.4.2.1}
\BOOKMARK [3][-]{subsubsection.4.2.1.3}{वर्तमानः च अकालः॥}{subsection.4.2.1}
\BOOKMARK [2][-]{subsection.4.2.2}{विमर्श-स्थूलता॥}{section.4.2}
\BOOKMARK [2][-]{subsection.4.2.3}{विकार-वितर्क-मात्रा॥}{section.4.2}
\BOOKMARK [2][-]{subsection.4.2.4}{स्वकेन्द्रता।}{section.4.2}
\BOOKMARK [1][-]{section.4.3}{विकाराः॥}{chapter.4}
\BOOKMARK [2][-]{subsection.4.3.1}{भावाः॥}{section.4.3}
\BOOKMARK [2][-]{subsection.4.3.2}{वितर्क-जाताः निश्चयाः॥}{section.4.3}
\BOOKMARK [3][-]{subsubsection.4.3.2.1}{सरलता, वेगः, उपयोग-सीमा॥}{subsection.4.3.2}
\BOOKMARK [2][-]{subsection.4.3.3}{प्रभावौ॥}{section.4.3}
\BOOKMARK [3][-]{subsubsection.4.3.3.1}{वितर्क-प्रभावः॥}{subsection.4.3.3}
\BOOKMARK [3][-]{subsubsection.4.3.3.2}{परिसर-प्रभावः॥}{subsection.4.3.3}
\BOOKMARK [1][-]{section.4.4}{वितर्कः॥}{chapter.4}
\BOOKMARK [2][-]{subsection.4.4.1}{परिचयः॥}{section.4.4}
\BOOKMARK [2][-]{subsection.4.4.2}{Remembering conclusions}{section.4.4}
\BOOKMARK [2][-]{subsection.4.4.3}{क्रमाणि च तत्-गुणानि॥}{section.4.4}
\BOOKMARK [1][-]{section.4.5}{विनोद-बुद्धिः॥}{chapter.4}
\BOOKMARK [2][-]{subsection.4.5.1}{आत्म-विनोद-बुद्धिः॥}{section.4.5}
\BOOKMARK [2][-]{subsection.4.5.2}{आत्म-पीडा-बुद्धिः॥}{section.4.5}
\BOOKMARK [2][-]{subsection.4.5.3}{वर्तमत्सु नूतनत्व-प्रीतिः॥}{section.4.5}
\BOOKMARK [1][-]{section.4.6}{संस्कारः॥}{chapter.4}
\BOOKMARK [2][-]{subsection.4.6.1}{अन्यत्र-विवृताणि॥}{section.4.6}
\BOOKMARK [2][-]{subsection.4.6.2}{Slow learning}{section.4.6}
\BOOKMARK [0][-]{chapter.5}{मनः॥}{part.2}
\BOOKMARK [1][-]{section.5.1}{प्रेरणा॥}{chapter.5}
\BOOKMARK [2][-]{subsection.5.1.1}{परिसर-प्रभावः॥}{section.5.1}
\BOOKMARK [2][-]{subsection.5.1.2}{वितर्क-प्रभाव-अवसराणि॥}{section.5.1}
\BOOKMARK [1][-]{section.5.2}{मग्नता॥}{chapter.5}
\BOOKMARK [2][-]{subsection.5.2.1}{समाधिः॥}{section.5.2}
\BOOKMARK [0][-]{chapter.6}{अहं-कारः॥}{part.2}
\BOOKMARK [1][-]{section.6.1}{कथा॥}{chapter.6}
\BOOKMARK [1][-]{section.6.2}{कथा-अङ्गानि॥}{chapter.6}
\BOOKMARK [2][-]{subsection.6.2.1}{सामाजिक-पात्र-अनुमानं॥}{section.6.2}
\BOOKMARK [1][-]{section.6.3}{बुद्ध्यां‌ प्रभावः॥}{chapter.6}
\BOOKMARK [2][-]{subsection.6.3.1}{वर्तन-सम्मति अपेक्षा॥}{section.6.3}
\BOOKMARK [3][-]{subsubsection.6.3.1.1}{उदाहरणानि॥}{subsection.6.3.1}
\BOOKMARK [1][-]{section.6.4}{परिसर-प्रभावः॥}{chapter.6}
\BOOKMARK [2][-]{subsection.6.4.1}{दूर-विचार-प्रभावः॥}{section.6.4}
\BOOKMARK [1][-]{section.6.5}{परिवर्तनं॥}{chapter.6}
\BOOKMARK [-1][-]{part.3}{॥पुरुषार्थाः॥}{}
\BOOKMARK [0][-]{chapter.7}{॥परिचयः॥}{part.3}
\BOOKMARK [1][-]{section.7.1}{पुरुषार्थ-विषयः॥}{chapter.7}
\BOOKMARK [2][-]{subsection.7.1.1}{॥सन्तोष-वर्गौ॥}{section.7.1}
\BOOKMARK [2][-]{subsection.7.1.2}{असन्तोषः अनिवार्यः॥}{section.7.1}
\BOOKMARK [1][-]{section.7.2}{ज्ञान-मूलः॥}{chapter.7}
\BOOKMARK [1][-]{section.7.3}{अङ्गानि॥}{chapter.7}
\BOOKMARK [2][-]{subsection.7.3.1}{सन्तोष-प्राप्तिः॥}{section.7.3}
\BOOKMARK [3][-]{subsubsection.7.3.1.1}{॥अधर्मे अपि॥}{subsection.7.3.1}
\BOOKMARK [2][-]{subsection.7.3.2}{प्रामुख्य-श्रेणिः॥}{section.7.3}
\BOOKMARK [3][-]{subsubsection.7.3.2.1}{मोक्ष-निष्प्रयोजकत्वं॥}{subsection.7.3.2}
\BOOKMARK [0][-]{chapter.8}{॥धर्मः॥}{part.3}
\BOOKMARK [1][-]{section.8.1}{मनुकुल-कल्याणं॥}{chapter.8}
\BOOKMARK [1][-]{section.8.2}{॥बीजोपदेशाः॥}{chapter.8}
\BOOKMARK [0][-]{chapter.9}{॥संग्रह-अर्थः॥}{part.3}
\BOOKMARK [0][-]{chapter.10}{॥इतरार्थः कामः॥}{part.3}
\BOOKMARK [1][-]{section.10.1}{सीमित-प्रामुख्यम्॥}{chapter.10}
\BOOKMARK [1][-]{section.10.2}{अत्याकर्षकः॥}{chapter.10}
\BOOKMARK [2][-]{subsection.10.2.1}{काम-मग्नता \(addiction\)॥}{section.10.2}
\BOOKMARK [2][-]{subsection.10.2.2}{कारणं पूर्व-परिस्थितिः॥}{section.10.2}
