\BOOKMARK [-1][-]{part.1}{Apartment shifting and hunting}{}
\BOOKMARK [0][-]{chapter.1}{Shifting apartments}{part.1}
\BOOKMARK [1][-]{section.1.1}{Cancel services}{chapter.1}
\BOOKMARK [1][-]{section.1.2}{ Acquire services and utilities}{chapter.1}
\BOOKMARK [2][-]{subsection.1.2.1}{Internet service providers}{section.1.2}
\BOOKMARK [1][-]{section.1.3}{Mail service}{chapter.1}
\BOOKMARK [2][-]{subsection.1.3.1}{Set up address forwarding}{section.1.3}
\BOOKMARK [2][-]{subsection.1.3.2}{ Fix address with civic authorities and insurers}{section.1.3}
\BOOKMARK [2][-]{subsection.1.3.3}{Fix credit card addresses}{section.1.3}
\BOOKMARK [2][-]{subsection.1.3.4}{ Fix bank contact addresses}{section.1.3}
\BOOKMARK [2][-]{subsection.1.3.5}{Fix address with universities}{section.1.3}
\BOOKMARK [2][-]{subsection.1.3.6}{With shopping websites}{section.1.3}
\BOOKMARK [1][-]{section.1.4}{Clean old apartment}{chapter.1}
\BOOKMARK [1][-]{section.1.5}{Clear and surrender old apartment}{chapter.1}
\BOOKMARK [1][-]{section.1.6}{Move into new apartment}{chapter.1}
\BOOKMARK [0][-]{chapter.2}{Apartment hunting}{part.1}
\BOOKMARK [1][-]{section.2.1}{Finding good apartments}{chapter.2}
\BOOKMARK [1][-]{section.2.2}{Good and close studios and 1 BHK}{chapter.2}
\BOOKMARK [0][-]{chapter.3}{Checks and negotiations}{part.1}
\BOOKMARK [1][-]{section.3.1}{Things to check}{chapter.3}
\BOOKMARK [1][-]{section.3.2}{Negotiation}{chapter.3}
\BOOKMARK [-1][-]{part.2}{Travel protocol}{}
\BOOKMARK [0][-]{chapter.4}{Pre travel preparations}{part.2}
\BOOKMARK [1][-]{section.4.1}{Prepare home for departure}{chapter.4}
\BOOKMARK [1][-]{section.4.2}{Prepare documents}{chapter.4}
\BOOKMARK [2][-]{subsection.4.2.1}{For international travel}{section.4.2}
\BOOKMARK [1][-]{section.4.3}{Gather travel details}{chapter.4}
\BOOKMARK [1][-]{section.4.4}{Financial arrangements}{chapter.4}
\BOOKMARK [2][-]{subsection.4.4.1}{For international travel}{section.4.4}
\BOOKMARK [1][-]{section.4.5}{Pack sustenance items}{chapter.4}
\BOOKMARK [2][-]{subsection.4.5.1}{To be worn}{section.4.5}
\BOOKMARK [1][-]{section.4.6}{Cabin luggage}{chapter.4}
\BOOKMARK [2][-]{subsection.4.6.1}{To be carried as luggage}{section.4.6}
\BOOKMARK [1][-]{section.4.7}{During Travel}{chapter.4}
\BOOKMARK [1][-]{section.4.8}{International travel}{chapter.4}
\BOOKMARK [1][-]{section.4.9}{After travel}{chapter.4}
