\BOOKMARK [0][-]{section*.1}{Contents}{}
\BOOKMARK [0][-]{chapter.1}{वेशः॥}{}
\BOOKMARK [1][-]{section.1.1}{Wearing the Veshti and the uttarIyaM}{chapter.1}
\BOOKMARK [0][-]{chapter.2}{।कार्यक्रमः।}{}
\BOOKMARK [-1][-]{part.1}{दीर्घ-कर्म-विधयः॥}{}
\BOOKMARK [0][-]{chapter.3}{सन्ध्यावन्दनं॥}{part.1}
\BOOKMARK [1][-]{section.3.1}{समयः॥}{chapter.3}
\BOOKMARK [1][-]{section.3.2}{विधिः॥}{chapter.3}
\BOOKMARK [2][-]{subsection.3.2.1}{गायत्री-आवाहनम्॥}{section.3.2}
\BOOKMARK [2][-]{subsection.3.2.2}{गायत्री-उपस्थानं॥}{section.3.2}
\BOOKMARK [0][-]{chapter.4}{अध्याय-उपाकर्मा॥}{part.1}
\BOOKMARK [1][-]{section.4.1}{नव-काण्ड-ऋषि-तर्पणं॥}{chapter.4}
\BOOKMARK [0][-]{chapter.5}{श्रीवैष्णवी इज्या॥}{part.1}
\BOOKMARK [1][-]{section.5.1}{सामग्रयः॥}{chapter.5}
\BOOKMARK [1][-]{section.5.2}{पूर्व-कार्यं॥}{chapter.5}
\BOOKMARK [1][-]{section.5.3}{कार्य-क्रमः॥}{chapter.5}
\BOOKMARK [2][-]{subsection.5.3.1}{आसन-सेवा-विवराणि॥}{section.5.3}
\BOOKMARK [2][-]{subsection.5.3.2}{आसन-प्रवेश-विधिः॥}{section.5.3}
\BOOKMARK [3][-]{subsubsection.5.3.2.1}{विविधार्थ-तोय-समर्पण-विधिः॥}{subsection.5.3.2}
\BOOKMARK [2][-]{subsection.5.3.3}{तीर्थ-विस्तरण-विधिः।}{section.5.3}
