\BOOKMARK [0][-]{section*.1}{Contents}{}
\BOOKMARK [-1][-]{part.1}{Introduction}{}
\BOOKMARK [0][-]{chapter.1}{Prelude}{part.1}
\BOOKMARK [1][-]{section.1.1}{Views}{chapter.1}
\BOOKMARK [1][-]{section.1.2}{The goal: in case of research}{chapter.1}
\BOOKMARK [2][-]{subsection.1.2.1}{Signs of understanding}{section.1.2}
\BOOKMARK [-1][-]{part.2}{Gathering knowledge}{}
\BOOKMARK [0][-]{chapter.2}{General ideas}{part.2}
\BOOKMARK [1][-]{section.2.1}{Knowledge gathering for research}{chapter.2}
\BOOKMARK [2][-]{subsection.2.1.1}{Picking knowledge to gather}{section.2.1}
\BOOKMARK [2][-]{subsection.2.1.2}{Deepening knowledge and research skills}{section.2.1}
\BOOKMARK [3][-]{subsubsection.2.1.2.1}{Critiquing others' work}{subsection.2.1.2}
\BOOKMARK [2][-]{subsection.2.1.3}{Acquisition of wide knowledge}{section.2.1}
\BOOKMARK [2][-]{subsection.2.1.4}{Good progress}{section.2.1}
\BOOKMARK [1][-]{section.2.2}{Checking understanding}{chapter.2}
\BOOKMARK [2][-]{subsection.2.2.1}{Challenges and exercises}{section.2.2}
\BOOKMARK [2][-]{subsection.2.2.2}{Questioning and inquiry}{section.2.2}
\BOOKMARK [2][-]{subsection.2.2.3}{Challenges}{section.2.2}
\BOOKMARK [0][-]{chapter.3}{Learning from technical interactions}{part.2}
\BOOKMARK [1][-]{section.3.1}{Talking to others}{chapter.3}
\BOOKMARK [2][-]{subsection.3.1.1}{Importance}{section.3.1}
\BOOKMARK [3][-]{subsubsection.3.1.1.1}{In Learning}{subsection.3.1.1}
\BOOKMARK [3][-]{subsubsection.3.1.1.2}{In research}{subsection.3.1.1}
\BOOKMARK [2][-]{subsection.3.1.2}{Procedure}{section.3.1}
\BOOKMARK [2][-]{subsection.3.1.3}{On the internet}{section.3.1}
\BOOKMARK [1][-]{section.3.2}{Learning from lectures}{chapter.3}
\BOOKMARK [2][-]{subsection.3.2.1}{Importance and purpose}{section.3.2}
\BOOKMARK [3][-]{subsubsection.3.2.1.1}{The learning process}{subsection.3.2.1}
\BOOKMARK [3][-]{subsubsection.3.2.1.2}{Relevance to research}{subsection.3.2.1}
\BOOKMARK [2][-]{subsection.3.2.2}{Approximation of private tuition}{section.3.2}
\BOOKMARK [2][-]{subsection.3.2.3}{Difficulty}{section.3.2}
\BOOKMARK [2][-]{subsection.3.2.4}{Maintaining attention}{section.3.2}
\BOOKMARK [3][-]{subsubsection.3.2.4.1}{Following the talk}{subsection.3.2.4}
\BOOKMARK [2][-]{subsection.3.2.5}{Post-talk discussions}{section.3.2}
\BOOKMARK [2][-]{subsection.3.2.6}{On the internet}{section.3.2}
\BOOKMARK [0][-]{chapter.4}{Reading}{part.2}
\BOOKMARK [1][-]{section.4.1}{Focus on ideas vs text}{chapter.4}
\BOOKMARK [2][-]{subsection.4.1.1}{Focus on ideas}{section.4.1}
\BOOKMARK [2][-]{subsection.4.1.2}{Focus on word-smithery}{section.4.1}
\BOOKMARK [2][-]{subsection.4.1.3}{Focii in reading fiction}{section.4.1}
\BOOKMARK [1][-]{section.4.2}{Choosing what to read}{chapter.4}
\BOOKMARK [2][-]{subsection.4.2.1}{General knowledge}{section.4.2}
\BOOKMARK [2][-]{subsection.4.2.2}{Research papers}{section.4.2}
\BOOKMARK [1][-]{section.4.3}{Parsing and understanding}{chapter.4}
\BOOKMARK [2][-]{subsection.4.3.1}{History}{section.4.3}
\BOOKMARK [2][-]{subsection.4.3.2}{Seeking ideas}{section.4.3}
\BOOKMARK [3][-]{subsubsection.4.3.2.1}{Grossness and separation}{subsection.4.3.2}
\BOOKMARK [3][-]{subsubsection.4.3.2.2}{Getting an overview}{subsection.4.3.2}
\BOOKMARK [3][-]{subsubsection.4.3.2.3}{Repeated summarization}{subsection.4.3.2}
\BOOKMARK [3][-]{subsubsection.4.3.2.4}{Understand the author}{subsection.4.3.2}
\BOOKMARK [3][-]{subsubsection.4.3.2.5}{Iterative Progress}{subsection.4.3.2}
\BOOKMARK [2][-]{subsection.4.3.3}{Considering ideas}{section.4.3}
\BOOKMARK [3][-]{subsubsection.4.3.3.1}{Interestingness}{subsection.4.3.3}
\BOOKMARK [3][-]{subsubsection.4.3.3.2}{Understandability}{subsection.4.3.3}
\BOOKMARK [3][-]{subsubsection.4.3.3.3}{Grok significance of ideas}{subsection.4.3.3}
\BOOKMARK [2][-]{subsection.4.3.4}{Dealing with dense passages}{section.4.3}
\BOOKMARK [3][-]{subsubsection.4.3.4.1}{Graphical process}{subsection.4.3.4}
\BOOKMARK [2][-]{subsection.4.3.5}{Signs of understanding, retention}{section.4.3}
\BOOKMARK [1][-]{section.4.4}{News}{chapter.4}
\BOOKMARK [2][-]{subsection.4.4.1}{Content type}{section.4.4}
\BOOKMARK [3][-]{subsubsection.4.4.1.1}{Research news}{subsection.4.4.1}
\BOOKMARK [2][-]{subsection.4.4.2}{Curation of articles and comments}{section.4.4}
\BOOKMARK [2][-]{subsection.4.4.3}{Selectivity, filtering}{section.4.4}
\BOOKMARK [0][-]{chapter.5}{Retain important knowledge/ skills, discover problems}{part.2}
\BOOKMARK [1][-]{section.5.1}{Retention of important knowledge}{chapter.5}
\BOOKMARK [2][-]{subsection.5.1.1}{Reconstruction ability}{section.5.1}
\BOOKMARK [2][-]{subsection.5.1.2}{Notes/ surveys}{section.5.1}
\BOOKMARK [3][-]{subsubsection.5.1.2.1}{Identify core ideas}{subsection.5.1.2}
\BOOKMARK [3][-]{subsubsection.5.1.2.2}{Succinct summarization}{subsection.5.1.2}
\BOOKMARK [3][-]{subsubsection.5.1.2.3}{Vividness}{subsection.5.1.2}
\BOOKMARK [1][-]{section.5.2}{Exercises}{chapter.5}
\BOOKMARK [2][-]{subsection.5.2.1}{Tackling, not solving}{section.5.2}
\BOOKMARK [2][-]{subsection.5.2.2}{Review attempt}{section.5.2}
\BOOKMARK [1][-]{section.5.3}{Mining for fresh problems}{chapter.5}
\BOOKMARK [-1][-]{part.3}{References}{}
