\BOOKMARK [-1][-]{part.1}{parichayaH}{}
\BOOKMARK [0][-]{chapter.1}{Understanding other animals}{part.1}
\BOOKMARK [1][-]{section.1.1}{Collection of guNas}{chapter.1}
\BOOKMARK [1][-]{section.1.2}{Guessing thought processes by simulation}{chapter.1}
\BOOKMARK [1][-]{section.1.3}{Correlation between traits}{chapter.1}
\BOOKMARK [1][-]{section.1.4}{Understanding teenagers}{chapter.1}
\BOOKMARK [2][-]{subsection.1.4.1}{Neurological state}{section.1.4}
\BOOKMARK [2][-]{subsection.1.4.2}{Higher level disabilities}{section.1.4}
\BOOKMARK [2][-]{subsection.1.4.3}{Decision making model}{section.1.4}
\BOOKMARK [3][-]{subsubsection.1.4.3.1}{Risk bias}{subsection.1.4.3}
\BOOKMARK [3][-]{subsubsection.1.4.3.2}{Age crime curve}{subsection.1.4.3}
\BOOKMARK [2][-]{subsection.1.4.4}{Influence of peers}{section.1.4}
\BOOKMARK [3][-]{subsubsection.1.4.4.1}{\(In\)sincerity}{subsection.1.4.4}
\BOOKMARK [3][-]{subsubsection.1.4.4.2}{Nerds}{subsection.1.4.4}
\BOOKMARK [3][-]{subsubsection.1.4.4.3}{Rebellion and shame}{subsection.1.4.4}
\BOOKMARK [2][-]{subsection.1.4.5}{Dealing with them}{section.1.4}
\BOOKMARK [2][-]{subsection.1.4.6}{References}{section.1.4}
\BOOKMARK [1][-]{section.1.5}{Outlier conditions}{chapter.1}
\BOOKMARK [2][-]{subsection.1.5.1}{Mania and depression}{section.1.5}
\BOOKMARK [2][-]{subsection.1.5.2}{Violent sadism without delusion}{section.1.5}
\BOOKMARK [3][-]{subsubsection.1.5.2.1}{Neurological root}{subsection.1.5.2}
\BOOKMARK [3][-]{subsubsection.1.5.2.2}{Diagnosis}{subsection.1.5.2}
\BOOKMARK [0][-]{chapter.2}{Others' behaviour to you}{part.1}
\BOOKMARK [1][-]{section.2.1}{Others' models of you}{chapter.2}
\BOOKMARK [0][-]{chapter.3}{karuNA-bala-vardhanaM}{part.1}
\BOOKMARK [-1][-]{part.2}{pradIpa-vRRindaH}{}
\BOOKMARK [0][-]{chapter.4}{pradIpaH kumAraH ravikaumAraH}{part.2}
\BOOKMARK [1][-]{section.4.1}{Activities and interests}{chapter.4}
\BOOKMARK [2][-]{subsection.4.1.1}{Expertise}{section.4.1}
\BOOKMARK [2][-]{subsection.4.1.2}{Propensity for writing}{section.4.1}
\BOOKMARK [2][-]{subsection.4.1.3}{AsaktayaH}{section.4.1}
\BOOKMARK [2][-]{subsection.4.1.4}{Eagerness for research}{section.4.1}
\BOOKMARK [1][-]{section.4.2}{ChAtra-vyavahAraH}{chapter.4}
\BOOKMARK [2][-]{subsection.4.2.1}{shIghra-kAryAya bhAra-prayogaH.}{section.4.2}
\BOOKMARK [2][-]{subsection.4.2.2}{AropAH}{section.4.2}
\BOOKMARK [2][-]{subsection.4.2.3}{AdeshAH}{section.4.2}
\BOOKMARK [2][-]{subsection.4.2.4}{avinayaH/ durahaMkAraH}{section.4.2}
\BOOKMARK [3][-]{subsubsection.4.2.4.1}{mUrkhatvasya pUrvohA}{subsection.4.2.4}
\BOOKMARK [3][-]{subsubsection.4.2.4.2}{sUchanAnAM aparigaNanaM}{subsection.4.2.4}
\BOOKMARK [2][-]{subsection.4.2.5}{Advancement of students' careers}{section.4.2}
\BOOKMARK [1][-]{section.4.3}{saMshOdhana-naipuNyaM}{chapter.4}
\BOOKMARK [2][-]{subsection.4.3.1}{kathane aprAmANikatA}{section.4.3}
\BOOKMARK [1][-]{section.4.4}{parivAraH cha saMskAraH}{chapter.4}
\BOOKMARK [2][-]{subsection.4.4.1}{brAhmaNa-saMskRRityAM sImitaH gauravaH}{section.4.4}
\BOOKMARK [2][-]{subsection.4.4.2}{parivAraH}{section.4.4}
\BOOKMARK [1][-]{section.4.5}{Non-confrontationalism, Slight unreliability}{chapter.4}
\BOOKMARK [2][-]{subsection.4.5.1}{Resistance to manipulation}{section.4.5}
\BOOKMARK [1][-]{section.4.6}{itihAsaH}{chapter.4}
\BOOKMARK [2][-]{subsection.4.6.1}{mama pUrvaH sahakAra-tantraH}{section.4.6}
\BOOKMARK [-1][-]{part.3}{indrajita-guru-kula}{}
\BOOKMARK [0][-]{chapter.5}{berkAnt}{part.3}
\BOOKMARK [0][-]{chapter.6}{TA Ng vey}{part.3}
\BOOKMARK [1][-]{section.6.1}{Defensiveness and condescension}{chapter.6}
\BOOKMARK [0][-]{chapter.7}{pratIka}{part.3}
\BOOKMARK [1][-]{section.7.1}{Attitude towards me}{chapter.7}
\BOOKMARK [1][-]{section.7.2}{Very high Research proclivity}{chapter.7}
\BOOKMARK [1][-]{section.7.3}{Sensitivity to territory}{chapter.7}
\BOOKMARK [0][-]{chapter.8}{lu-jhe Ngdong}{part.3}
\BOOKMARK [1][-]{section.8.1}{sahAyya-dAtA}{chapter.8}
\BOOKMARK [1][-]{section.8.2}{Adept at making high-level research plans, and at collaborating}{chapter.8}
\BOOKMARK [1][-]{section.8.3}{Sensitivity to territory}{chapter.8}
\BOOKMARK [0][-]{chapter.9}{nAgarAjan naTarAjan}{part.3}
\BOOKMARK [1][-]{section.9.1}{Capacity for focused work}{chapter.9}
\BOOKMARK [1][-]{section.9.2}{Social adeptness}{chapter.9}
\BOOKMARK [1][-]{section.9.3}{Slight Irresponsibility}{chapter.9}
\BOOKMARK [2][-]{subsection.9.3.1}{Not picking up calls}{section.9.3}
\BOOKMARK [2][-]{subsection.9.3.2}{Thought process behind this}{section.9.3}
\BOOKMARK [1][-]{section.9.4}{Limited pride in tradition}{chapter.9}
\BOOKMARK [0][-]{chapter.10}{dhillon-AchArya}{part.3}
\BOOKMARK [1][-]{section.10.1}{guNAH}{chapter.10}
\BOOKMARK [2][-]{subsection.10.1.1}{Suceptibility to flattery}{section.10.1}
\BOOKMARK [2][-]{subsection.10.1.2}{pratikAra-pravRRitti}{section.10.1}
\BOOKMARK [3][-]{subsubsection.10.1.2.1}{History}{subsection.10.1.2}
\BOOKMARK [3][-]{subsubsection.10.1.2.2}{Humuliation at the presentation}{subsection.10.1.2}
\BOOKMARK [3][-]{subsubsection.10.1.2.3}{Interrogation in class}{subsection.10.1.2}
\BOOKMARK [1][-]{section.10.2}{Research strategy}{chapter.10}
\BOOKMARK [2][-]{subsection.10.2.1}{Computational mathematics research skills}{section.10.2}
\BOOKMARK [2][-]{subsection.10.2.2}{Current research strategy: director, not solver}{section.10.2}
\BOOKMARK [1][-]{section.10.3}{Peer relationships}{chapter.10}
\BOOKMARK [2][-]{subsection.10.3.1}{Adept at professional dealings}{section.10.3}
\BOOKMARK [2][-]{subsection.10.3.2}{Power within the department}{section.10.3}
\BOOKMARK [2][-]{subsection.10.3.3}{visheSha-saMbandhAH}{section.10.3}
\BOOKMARK [1][-]{section.10.4}{Student strategy}{chapter.10}
\BOOKMARK [2][-]{subsection.10.4.1}{Research direction}{section.10.4}
\BOOKMARK [3][-]{subsubsection.10.4.1.1}{bhAra-upayoga-pravRRittiH}{subsection.10.4.1}
\BOOKMARK [3][-]{subsubsection.10.4.1.2}{bhAra-upayoga for the sake of assertion of dominance}{subsection.10.4.1}
\BOOKMARK [3][-]{subsubsection.10.4.1.3}{Starting off new students}{subsection.10.4.1}
\BOOKMARK [3][-]{subsubsection.10.4.1.4}{shishya-vAk-anumAna}{subsection.10.4.1}
\BOOKMARK [3][-]{subsubsection.10.4.1.5}{Harsh criticism, Atma-vishvAsa-bha Nga}{subsection.10.4.1}
\BOOKMARK [2][-]{subsection.10.4.2}{Respect: Hierarchical boss point of view}{section.10.4}
\BOOKMARK [3][-]{subsubsection.10.4.2.1}{Respect proportional to productivity}{subsection.10.4.2}
\BOOKMARK [3][-]{subsubsection.10.4.2.2}{Discourtesy}{subsection.10.4.2}
\BOOKMARK [3][-]{subsubsection.10.4.2.3}{Expectation of diffidence}{subsection.10.4.2}
\BOOKMARK [2][-]{subsection.10.4.3}{TA, funding}{section.10.4}
\BOOKMARK [3][-]{subsubsection.10.4.3.1}{Funding strategy}{subsection.10.4.3}
\BOOKMARK [3][-]{subsubsection.10.4.3.2}{TA kAryaM}{subsection.10.4.3}
\BOOKMARK [1][-]{section.10.5}{Prospective students: strategy}{chapter.10}
\BOOKMARK [2][-]{subsection.10.5.1}{Wooing prospective students}{section.10.5}
\BOOKMARK [2][-]{subsection.10.5.2}{shiShya-parIkShA}{section.10.5}
\BOOKMARK [1][-]{section.10.6}{itihAsaH}{chapter.10}
\BOOKMARK [-1][-]{part.4}{mitrAH}{}
\BOOKMARK [0][-]{chapter.11}{rAdhAkRRiShNaH beTTadapauraH}{part.4}
\BOOKMARK [1][-]{section.11.1}{The obsession: writing}{chapter.11}
\BOOKMARK [2][-]{subsection.11.1.1}{Other Interests}{section.11.1}
\BOOKMARK [1][-]{section.11.2}{Scorn for rigidity}{chapter.11}
\BOOKMARK [2][-]{subsection.11.2.1}{Scorn for the brAhmaNa saMpradAya}{section.11.2}
\BOOKMARK [2][-]{subsection.11.2.2}{Subversive tendency}{section.11.2}
\BOOKMARK [1][-]{section.11.3}{Respect for staunch individuality}{chapter.11}
\BOOKMARK [2][-]{subsection.11.3.1}{Low regard for contrarianism}{section.11.3}
\BOOKMARK [1][-]{section.11.4}{Skill at karuNA}{chapter.11}
\BOOKMARK [2][-]{subsection.11.4.1}{Over-confidence in his appraisal of others}{section.11.4}
\BOOKMARK [1][-]{section.11.5}{Good Social skills}{chapter.11}
\BOOKMARK [0][-]{chapter.12}{sucharitA chandran}{part.4}
\BOOKMARK [0][-]{chapter.13}{hRRishIkEshaH bhaTTAchArya}{part.4}
\BOOKMARK [1][-]{section.13.1}{buddhi-parichayaH}{chapter.13}
\BOOKMARK [1][-]{section.13.2}{parivAraH}{chapter.13}
\BOOKMARK [1][-]{section.13.3}{maitriH}{chapter.13}
\BOOKMARK [1][-]{section.13.