\BOOKMARK [-1][-]{part.1}{Strategies}{}
\BOOKMARK [0][-]{chapter.1}{Health strategy}{part.1}
\BOOKMARK [1][-]{section.1.1}{Longevity}{chapter.1}
\BOOKMARK [1][-]{section.1.2}{Problem response}{chapter.1}
\BOOKMARK [2][-]{subsection.1.2.1}{Strong focus on recovery}{section.1.2}
\BOOKMARK [2][-]{subsection.1.2.2}{Attitude}{section.1.2}
\BOOKMARK [2][-]{subsection.1.2.3}{Techniques}{section.1.2}
\BOOKMARK [2][-]{subsection.1.2.4}{Important resources}{section.1.2}
\BOOKMARK [2][-]{subsection.1.2.5}{Unnecessary/ wrong treatments}{section.1.2}
\BOOKMARK [-1][-]{part.2}{Information}{}
\BOOKMARK [0][-]{chapter.2}{Physical data}{part.2}
\BOOKMARK [1][-]{subsection.2.0.6}{Places to buy or test}{chapter.2}
\BOOKMARK [2][-]{subsection.2.0.7}{Properties of good eyeglasses}{subsection.2.0.6}
\BOOKMARK [3][-]{subsubsection.2.0.7.1}{Lens}{subsection.2.0.7}
\BOOKMARK [3][-]{subsubsection.2.0.7.2}{Frame}{subsection.2.0.7}
\BOOKMARK [1][-]{section.2.1}{Blood}{chapter.2}
\BOOKMARK [2][-]{subsection.2.1.1}{Pressure and pulse}{section.2.1}
\BOOKMARK [3][-]{subsubsection.2.1.1.1}{History}{subsection.2.1.1}
\BOOKMARK [2][-]{subsection.2.1.2}{Blood picture}{section.2.1}
\BOOKMARK [1][-]{section.2.2}{Biochemistry}{chapter.2}
\BOOKMARK [1][-]{section.2.3}{urine}{chapter.2}
\BOOKMARK [1][-]{section.2.4}{Other data}{chapter.2}
\BOOKMARK [0][-]{chapter.3}{Brain health}{part.2}
\BOOKMARK [1][-]{section.3.1}{Genetics}{chapter.3}
\BOOKMARK [1][-]{section.3.2}{Blood supply to the brain}{chapter.3}
\BOOKMARK [2][-]{subsection.3.2.1}{Hydration}{section.3.2}
\BOOKMARK [3][-]{subsubsection.3.2.1.1}{Negative agents}{subsection.3.2.1}
\BOOKMARK [2][-]{subsection.3.2.2}{HDL levels}{section.3.2}
\BOOKMARK [3][-]{subsubsection.3.2.2.1}{Negative agents}{subsection.3.2.2}
\BOOKMARK [2][-]{subsection.3.2.3}{Capillary damage}{section.3.2}
\BOOKMARK [3][-]{subsubsection.3.2.3.1}{Oxidative damage}{subsection.3.2.3}
\BOOKMARK [3][-]{subsubsection.3.2.3.2}{Diabetes}{subsection.3.2.3}
\BOOKMARK [3][-]{subsubsection.3.2.3.3}{High blood pressure}{subsection.3.2.3}
\BOOKMARK [1][-]{section.3.3}{Nutrition}{chapter.3}
\BOOKMARK [1][-]{section.3.4}{Activities: Stimulation and rest}{chapter.3}
\BOOKMARK [2][-]{subsection.3.4.1}{Physical activity}{section.3.4}
\BOOKMARK [2][-]{subsection.3.4.2}{Cognitive exercise}{section.3.4}
\BOOKMARK [2][-]{subsection.3.4.3}{Negative agents}{section.3.4}
\BOOKMARK [3][-]{subsubsection.3.4.3.1}{Prolonged stress}{subsection.3.4.3}
\BOOKMARK [3][-]{subsubsection.3.4.3.2}{Sleep deprivation}{subsection.3.4.3}
\BOOKMARK [1][-]{section.3.5}{Physical damages}{chapter.3}
\BOOKMARK [1][-]{section.3.6}{Aging effects}{chapter.3}
\BOOKMARK [2][-]{subsection.3.6.1}{High spread}{section.3.6}
\BOOKMARK [2][-]{subsection.3.6.2}{White matter decline}{section.3.6}
\BOOKMARK [-1][-]{part.3}{Health problems}{}
\BOOKMARK [0][-]{chapter.4}{Injury record}{part.3}
\BOOKMARK [0][-]{chapter.5}{The head}{part.3}
\BOOKMARK [1][-]{section.5.1}{Heavy head}{chapter.5}
\BOOKMARK [2][-]{subsection.5.1.1}{Symptoms}{section.5.1}
\BOOKMARK [2][-]{subsection.5.1.2}{Cause}{section.5.1}
\BOOKMARK [2][-]{subsection.5.1.3}{Solution}{section.5.1}
\BOOKMARK [2][-]{subsection.5.1.4}{History}{section.5.1}
\BOOKMARK [1][-]{section.5.2}{Migraine}{chapter.5}
\BOOKMARK [2][-]{subsection.5.2.1}{Cause}{section.5.2}
\BOOKMARK [2][-]{subsection.5.2.2}{Solution}{section.5.2}
\BOOKMARK [2][-]{subsection.5.2.3}{History}{section.5.2}
\BOOKMARK [1][-]{section.5.3}{Dry eyes}{chapter.5}
\BOOKMARK [2][-]{subsection.5.3.1}{Cause}{section.5.3}
\BOOKMARK [2][-]{subsection.5.3.2}{Solution}{section.5.3}
\BOOKMARK [1][-]{section.5.4}{Eye strain}{chapter.5}
\BOOKMARK [2][-]{subsection.5.4.1}{Symptoms}{section.5.4}
\BOOKMARK [2][-]{subsection.5.4.2}{Causes}{section.5.4}
\BOOKMARK [2][-]{subsection.5.4.3}{Solution}{section.5.4}
\BOOKMARK [2][-]{subsection.5.4.4}{History}{section.5.4}
\BOOKMARK [1][-]{section.5.5}{Stiff neck}{chapter.5}
\BOOKMARK [2][-]{subsection.5.5.1}{Cause}{section.5.5}
\BOOKMARK [2][-]{subsection.5.5.2}{Solution}{section.5.5}
\BOOKMARK [2][-]{subsection.5.5.3}{History}{section.5.5}
\BOOKMARK [0][-]{chapter.6}{Respiratory system}{part.3}
\BOOKMARK [1][-]{section.6.1}{Nasal congestion, rhinorhoea}{chapter.6}
\BOOKMARK [2][-]{subsection.6.1.1}{Causes}{section.6.1}
\BOOKMARK [2][-]{subsection.6.1.2}{Solution}{section.6.1}
\BOOKMARK [3][-]{subsubsection.6.1.2.1}{Decongestants: vasoconstrictor}{subsection.6.1.2}
\BOOKMARK [3][-]{subsubsection.6.1.2.2}{Decongestants: Steroids}{subsection.6.1.2}
\BOOKMARK [3][-]{subsubsection.6.1.2.3}{Decongestants: water based}{subsection.6.1.2}
\BOOKMARK [2][-]{subsection.6.1.3}{Complication: acidity}{section.6.1}
\BOOKMARK [1][-]{section.6.2}{Dry cough/ itchy throat}{chapter.6}
\BOOKMARK [2][-]{subsection.6.2.1}{Symptoms}{section.6.2}
\BOOKMARK [2][-]{subsection.6.2.2}{Cause}{section.6.2}
\BOOKMARK [2][-]{subsection.6.2.3}{Solution}{section.6.2}
\BOOKMARK [3][-]{subsubsection.6.2.3.1}{Local anasthetics}{subsection.6.2.3}
\BOOKMARK [1][-]{section.6.3}{Common Cold}{chapter.6}
\BOOKMARK [2][-]{subsection.6.3.1}{Cause}{section.6.3}
\BOOKMARK [2][-]{subsection.6.3.2}{Solution}{section.6.3}
\BOOKMARK [1][-]{section.6.4}{Flu/ Viral fever}{chapter.6}
\BOOKMARK [2][-]{subsection.6.4.1}{Cause}{section.6.4}
\BOOKMARK [2][-]{subsection.6.4.2}{Solution}{section.6.4}
\BOOKMARK [3][-]{subsubsection.6.4.2.1}{Prevention: Vaccination}{subsection.6.4.2}
\BOOKMARK [3][-]{subsubsection.6.4.2.2}{Prevent contamination}{subsection.6.4.2}
\BOOKMARK [2][-]{subsection.6.4.3}{History}{section.6.4}
\BOOKMARK [1][-]{section.6.5}{Allergic rhinitis \(Hay fever\)}{chapter.6}
\BOOKMARK [2][-]{subsection.6.5.1}{Symptoms}{section.6.5}
\BOOKMARK [2][-]{subsection.6.5.2}{Cause}{section.6.5}
\BOOKMARK [2][-]{subsection.6.5.3}{Symptomatic Solution}{section.6.5}
\BOOKMARK [3][-]{subsubsection.6.5.3.1}{Sleeping arrangement}{subsection.6.5.3}
\BOOKMARK [2][-]{subsection.6.5.4}{History}{section.6.5}
\BOOKMARK [3][-]{subsubsection.6.5.4.1}{be NgaLUru}{subsection.6.5.4}
\BOOKMARK [3][-]{subsubsection.6.5.4.2}{Austin}{subsection.6.5.4}
\BOOKMARK [3][-]{subsubsection.6.5.4.3}{Seattle}{subsection.6.5.4}
\BOOKMARK [3][-]{subsubsection.6.5.4.4}{San Bruno}{subsection.6.5.4}
\BOOKMARK [1][-]{section.6.6}{Asthma/ allergic bronchitis}{chapter.6}
\BOOKMARK [2][-]{subsection.6.6.1}{Symptoms}{section.6.6}
\BOOKMARK [2][-]{subsection.6.6.2}{Cause}{section.6.6}
\BOOKMARK [2][-]{subsection.6.6.3}{Solution}{section.6.6}
\BOOKMARK [3][-]{subsubsection.6.6.3.1}{Anti-histamines}{subsection.6.6.3}
\BOOKMARK [3][-]{subsubsection.6.6.3.2}{Allergen avoidance}{subsection.6.6.3}
\BOOKMARK [3][-]{subsubsection.6.6.3.3}{Decongestants: beta2 agonists}{subsection.6.6.3}
\BOOKMARK [3][-]{subsubsection.6.6.3.4}{Inhaler use}{subsection.6.6.3}
\BOOKMARK [2][-]{subsection.6.6.4}{Permanent Solution}{section.6.6}
\BOOKMARK [3][-]{subsubsection.6.6.4.1}{Hookworm infection}{subsection.6.6.4}
\BOOKMARK [2][-]{subsection.6.6.5}{History}{section.6.6}
\BOOKMARK [0][-]{chapter.7}{Wide spread infection}{part.3}
\BOOKMARK [1][-]{section.7.1}{Fever}{chapter.7}
\BOOKMARK [2][-]{subsection.7.1.1}{Cause}{section.7.1}
\BOOKMARK [2][-]{subsection.7.1.2}{Solution}{section.7.1}
\BOOKMARK [1][-]{section.7.2}{Chicken pox}{chapter.7}
\BOOKMARK [2][-]{subsection.7.2.1}{History}{section.7.2}
\BOOKMARK [0][-]{chapter.8}{Gastro-intestinal tract}{part.3}
\BOOKMARK [1][-]{section.8.1}{Stomach ache / cramps}{chapter.8}
\BOOKMARK [2][-]{subsection.8.1.1}{Symptoms}{section.8.1}
\BOOKMARK [2][-]{subsection.8.1.2}{Cause}{section.8.1}
\BOOKMARK [2][-]{subsection.8.1.3}{Solution}{section.8.1}
\BOOKMARK [2][-]{subsection.8.1.4}{History}{section.8.1}
\BOOKMARK [1][-]{section.8.2}{Forceful defecation}{chapter.8}
\BOOKMARK [2][-]{subsection.8.2.1}{Cause}{section.8.2}
\BOOKMARK [2][-]{subsection.8.2.2}{Solution}{section.8.2}
\BOOKMARK [3][-]{subsubsection.8.2.2.1}{Safe defecation}{subsection.8.2.2}
\BOOKMARK [2][-]{subsection.8.2.3}{History}{section.8.2}
\BOOKMARK [1][-]{section.8.3}{Gut bacterial damage}{chapter.8}
\BOOKMARK [1][-]{section.8.4}{Diarrhoea}{chapter.8}
\BOOKMARK [2][-]{subsection.8.4.1}{Cause}{section.8.4}
\BOOKMARK [3][-]{subsubsection.8.4.1.1}{Irritants}{subsection.8.4.1}
\BOOKMARK [2][-]{subsection.8.4.2}{Solution}{section.8.4}
\BOOKMARK [2][-]{subsection.8.4.3}{History}{section.8.4}
\BOOKMARK [1][-]{section.8.5}{Excessive worms in the gastro-intestinal tract}{chapter.8}
\BOOKMARK [2][-]{subsection.8.5.1}{Symptoms}{section.8.5}
\BOOKMARK [2][-]{subsection.8.5.2}{Cause}{section.8.5}
\BOOKMARK [2][-]{subsection.8.5.3}{Solution}{section.8.5}
\BOOKMARK [2][-]{subsection.8.5.4}{History}{section.8.5}
\BOOKMARK [1][-]{section.8.6}{Nausea}{chapter.8}
\BOOKMARK [2][-]{subsection.8.6.1}{Cause}{section.8.6}
\BOOKMARK [2][-]{subsection.8.6.2}{History}{section.8.6}
\BOOKMARK [2][-]{subsection.8.6.3}{Solution}{section.8.6}
\BOOKMARK [1][-]{section.8.7}{Flatulance}{chapter.8}
\BOOKMARK [2][-]{subsection.8.7.1}{Cause}{section.8.7}
\BOOKMARK [3][-]{subsubsection.8.7.1.1}{Gas producing food}{subsection.8.7.1}
\BOOKMARK [2][-]{subsection.8.7.2}{History}{section.8.7}
\BOOKMARK [2][-]{subsection.8.7.3}{Solution}{section.8.7}
\BOOKMARK [1][-]{section.8.8}{Inefficient/ high frequency excretion}{chapter.8}
\BOOKMARK [2][-]{subsection.8.8.1}{Symptoms}{section.8.8}
\BOOKMARK [2][-]{subsection.8.8.2}{Cause}{section.8.8}
\BOOKMARK [2][-]{subsection.8.8.3}{Solution}{section.8.8}
\BOOKMARK [2][-]{subsection.8.8.4}{History}{section.8.8}
\BOOKMARK [1][-]{section.8.9}{Over-eating}{chapter.8}
\BOOKMARK [2][-]{subsection.8.9.1}{Cause}{section.8.9}
\BOOKMARK [2][-]{subsection.8.9.2}{Solution}{section.8.9}
\BOOKMARK [2][-]{subsection.8.9.3}{History}{section.8.9}
\BOOKMARK [0][-]{chapter.9}{Sleep}{part.3}
\BOOKMARK [1][-]{section.9.1}{Delay in falling asleep}{chapter.9}
\BOOKMARK [2][-]{subsection.9.1.1}{Causes}{section.9.1}
\BOOKMARK [2][-]{subsection.9.1.2}{History}{section.9.1}
\BOOKMARK [2][-]{subsection.9.1.3}{Solution}{section.9.1}
\BOOKMARK [3][-]{subsubsection.9.1.3.1}{Abandon plans}{subsection.9.1.3}
\BOOKMARK [3][-]{subsubsection.9.1.3.2}{Smooth gradient to sleep}{subsection.9.1.3}
\BOOKMARK [3][-]{subsubsection.9.1.3.3}{Other ideas}{subsection.9.1.3}
\BOOKMARK [3][-]{subsubsection.9.1.3.4}{Temperature}{subsection.9.1.3}
\BOOKMARK [3][-]{subsubsection.9.1.3.5}{Setting body clock}{subsection.9.1.3}
\BOOKMARK [1][-]{section.9.2}{Sleep disturuption}{chapter.9}
\BOOKMARK [2][-]{subsection.9.2.1}{Cause}{section.9.2}
\BOOKMARK [3][-]{subsubsection.9.2.1.1}{Temperature}{subsection.9.2.1}
\BOOKMARK [3][-]{subsubsection.9.2.1.2}{Urine}{subsection.9.2.1}
\BOOKMARK [3][-]{subsubsection.9.2.1.3}{Noise}{subsection.9.2.1}
\BOOKMARK [3][-]{subsubsection.9.2.1.4}{Oxygen deprivation}{subsection.9.2.1}
\BOOKMARK [3][-]{subsubsection.9.2.1.5}{Stress}{subsection.9.2.1}
\BOOKMARK [2][-]{subsection.9.2.2}{History}{section.9.2}
\BOOKMARK [2][-]{subsection.9.2.3}{Avoid disruption}{section.9.2}
\BOOKMARK [2][-]{subsection.9.2.4}{Restore sleep}{section.9.2}
\BOOKMARK [1][-]{section.9.3}{Unusual need for sleep}{chapter.9}
\BOOKMARK [2][-]{subsection.9.3.1}{Symptoms}{section.9.3}
\BOOKMARK [2][-]{subsection.9.3.2}{Causes}{section.9.3}
\BOOKMARK [2][-]{subsection.9.3.3}{Consequences}{section.9.3}
\BOOKMARK [2][-]{subsection.9.3.4}{History}{section.9.3}
\BOOKMARK [2][-]{subsection.9.3.5}{Solution}{section.9.3}
\BOOKMARK [1][-]{section.9.4}{Snoring}{chapter.9}
\BOOKMARK [2][-]{subsection.9.4.1}{Cause}{section.9.4}
\BOOKMARK [2][-]{subsection.9.4.2}{Solution}{section.9.4}
\BOOKMARK [2][-]{subsection.9.4.3}{History}{section.9.4}
\BOOKMARK [1][-]{section.9.5}{Somniloqy / Sleep talking}{chapter.9}
\BOOKMARK [2][-]{subsection.9.5.1}{History}{section.9.5}
\BOOKMARK [0][-]{chapter.10}{Fatigue, body pain}{part.3}
\BOOKMARK [1][-]{section.10.1}{Fatigue and strain}{chapter.10}
\BOOKMARK [2][-]{subsection.10.1.1}{Cause}{section.10.1}
\BOOKMARK [3][-]{subsubsection.10.1.1.1}{Forehead muscles}{subsection.10.1.1}
\BOOKMARK [2][-]{subsection.10.1.2}{Solution}{section.10.1}
\BOOKMARK [1][-]{section.10.2}{Delayed onset muscle soreness \(DOMS\)}{chapter.10}
\BOOKMARK [2][-]{subsection.10.2.1}{Cause}{section.10.2}
\BOOKMARK [2][-]{subsection.10.2.2}{Solution}{section.10.2}
\BOOKMARK [2][-]{subsection.10.2.3}{History}{section.10.2}
\BOOKMARK [3][-]{subsubsection.10.2.3.1}{Jan 2012}{subsection.10.2.3}
\BOOKMARK [3][-]{subsubsection.10.2.3.2}{Oct 11-13 2010}{subsection.10.2.3}
\BOOKMARK [3][-]{subsubsection.10.2.3.3}{Childhood}{subsection.10.2.3}
\BOOKMARK [1][-]{section.10.3}{Severe muscle pain}{chapter.10}
\BOOKMARK [2][-]{subsection.10.3.1}{Solution}{section.10.3}
\BOOKMARK [2][-]{subsection.10.3.2}{History}{section.10.3}
\BOOKMARK [0][-]{chapter.11}{Skin}{part.3}
\BOOKMARK [1][-]{section.11.1}{Dry skin \(Xerosis\)}{chapter.11}
\BOOKMARK [2][-]{subsection.11.1.1}{Cause}{section.11.1}
\BOOKMARK [2][-]{subsection.11.1.2}{Solution}{section.11.1}
\BOOKMARK [1][-]{section.11.2}{Buttock boil}{chapter.11}
\BOOKMARK [2][-]{subsection.11.2.1}{Symptoms}{section.11.2}
\BOOKMARK [2][-]{subsection.11.2.2}{Cause}{section.11.2}
\BOOKMARK [2][-]{subsection.11.2.3}{Solution}{section.11.2}
\BOOKMARK [1][-]{section.11.3}{Prickly heat aka Miliaria}{chapter.11}
\BOOKMARK [2][-]{subsection.11.3.1}{Cause}{section.11.3}
\BOOKMARK [2][-]{subsection.11.3.2}{Treatment}{section.11.3}
\BOOKMARK [2][-]{subsection.11.3.3}{History}{section.11.3}
\BOOKMARK [1][-]{section.11.4}{Unknown small rashes at multiple patches}{chapter.11}
\BOOKMARK [2][-]{subsection.11.4.1}{Symptoms}{section.11.4}
\BOOKMARK [2][-]{subsection.11.4.2}{Cause}{section.11.4}
\BOOKMARK [2][-]{subsection.11.4.3}{Solution}{section.11.4}
\BOOKMARK [3][-]{subsubsection.11.4.3.1}{Detecting allergen}{subsection.11.4.3}
\BOOKMARK [2][-]{subsection.11.4.4}{History}{section.11.4}
\BOOKMARK [1][-]{section.11.5}{Abrasion and cuts}{chapter.11}
\BOOKMARK [2][-]{subsection.11.5.1}{Solution}{section.11.5}
\BOOKMARK [1][-]{section.11.6}{Bed bugs}{chapter.11}
\BOOKMARK [2][-]{subsection.11.6.1}{Symptoms}{section.11.6}
\BOOKMARK [2][-]{subsection.11.6.2}{Solution}{section.11.6}
