\BOOKMARK [0][-]{chapter.1}{Prelude}{}
\BOOKMARK [1][-]{section.1.1}{Importance of right clothing}{chapter.1}
\BOOKMARK [2][-]{subsection.1.1.1}{Importance of right attitude}{section.1.1}
\BOOKMARK [1][-]{section.1.2}{Clothing measurement}{chapter.1}
\BOOKMARK [2][-]{subsection.1.2.1}{vishvAs}{section.1.2}
\BOOKMARK [3][-]{subsubsection.1.2.1.1}{Shoes}{subsection.1.2.1}
\BOOKMARK [2][-]{subsection.1.2.2}{shruti}{section.1.2}
\BOOKMARK [3][-]{subsubsection.1.2.2.1}{Shoes}{subsection.1.2.2}
\BOOKMARK [2][-]{subsection.1.2.3}{Finger measurement}{section.1.2}
\BOOKMARK [1][-]{section.1.3}{Goodness of fit}{chapter.1}
\BOOKMARK [2][-]{subsection.1.3.1}{Things to check while trying out pants}{section.1.3}
\BOOKMARK [1][-]{section.1.4}{Materials}{chapter.1}
\BOOKMARK [2][-]{subsection.1.4.1}{Breathability}{section.1.4}
\BOOKMARK [2][-]{subsection.1.4.2}{Wool}{section.1.4}
\BOOKMARK [3][-]{subsubsection.1.4.2.1}{Merino}{subsection.1.4.2}
\BOOKMARK [2][-]{subsection.1.4.3}{Polyester}{section.1.4}
\BOOKMARK [3][-]{subsubsection.1.4.3.1}{Advantages}{subsection.1.4.3}
\BOOKMARK [3][-]{subsubsection.1.4.3.2}{Disadvantages}{subsection.1.4.3}
\BOOKMARK [2][-]{subsection.1.4.4}{Cotton}{section.1.4}
\BOOKMARK [2][-]{subsection.1.4.5}{Goose down}{section.1.4}
\BOOKMARK [2][-]{subsection.1.4.6}{Other materials}{section.1.4}
\BOOKMARK [2][-]{subsection.1.4.7}{Rain proofing}{section.1.4}
\BOOKMARK [1][-]{section.1.5}{Things to carry}{chapter.1}
\BOOKMARK [1][-]{section.1.6}{Repairs}{chapter.1}
\BOOKMARK [0][-]{chapter.2}{Low temperature clothing}{}
\BOOKMARK [1][-]{section.2.1}{General strategy}{chapter.2}
\BOOKMARK [2][-]{subsection.2.1.1}{Layer up}{section.2.1}
\BOOKMARK [2][-]{subsection.2.1.2}{Accesorize}{section.2.1}
\BOOKMARK [2][-]{subsection.2.1.3}{Maintenance}{section.2.1}
\BOOKMARK [1][-]{section.2.2}{Base layer}{chapter.2}
\BOOKMARK [2][-]{subsection.2.2.1}{Purpose}{section.2.2}
\BOOKMARK [3][-]{subsubsection.2.2.1.1}{Material choice}{subsection.2.2.1}
\BOOKMARK [1][-]{section.2.3}{Insulation layer}{chapter.2}
\BOOKMARK [2][-]{subsection.2.3.1}{Materials}{section.2.3}
\BOOKMARK [2][-]{subsection.2.3.2}{Sweatshirt}{section.2.3}
\BOOKMARK [2][-]{subsection.2.3.3}{Pants}{section.2.3}
\BOOKMARK [2][-]{subsection.2.3.4}{Long Underwear}{section.2.3}
\BOOKMARK [2][-]{subsection.2.3.5}{Pants}{section.2.3}
\BOOKMARK [1][-]{section.2.4}{Outer layer}{chapter.2}
\BOOKMARK [2][-]{subsection.2.4.1}{Purpose}{section.2.4}
\BOOKMARK [2][-]{subsection.2.4.2}{Overcoat}{section.2.4}
\BOOKMARK [2][-]{subsection.2.4.3}{Pants}{section.2.4}
\BOOKMARK [1][-]{section.2.5}{Insulation and protection of extremities}{chapter.2}
\BOOKMARK [2][-]{subsection.2.5.1}{Headgear}{section.2.5}
\BOOKMARK [3][-]{subsubsection.2.5.1.1}{Material choice}{subsection.2.5.1}
\BOOKMARK [2][-]{subsection.2.5.2}{Scarf}{section.2.5}
\BOOKMARK [2][-]{subsection.2.5.3}{Gloves}{section.2.5}
\BOOKMARK [1][-]{section.2.6}{Shoes}{chapter.2}
\BOOKMARK [1][-]{section.2.7}{Sleeping gear}{chapter.2}
\BOOKMARK [0][-]{chapter.3}{High/ normal temperature clothing}{}
\BOOKMARK [1][-]{section.3.1}{Materials}{chapter.3}
\BOOKMARK [2][-]{subsection.3.1.1}{Underwear}{section.3.1}
\BOOKMARK [2][-]{subsection.3.1.2}{Purpose}{section.3.1}
\BOOKMARK [2][-]{subsection.3.1.3}{Strategy}{section.3.1}
\BOOKMARK [1][-]{section.3.2}{Upper body}{chapter.3}
\BOOKMARK [1][-]{section.3.3}{Pants}{chapter.3}
\BOOKMARK [0][-]{chapter.4}{Extremities}{}
\BOOKMARK [1][-]{section.4.1}{Shoes}{chapter.4}
\BOOKMARK [2][-]{subsection.4.1.1}{Heavy or formal use}{section.4.1}
\BOOKMARK [3][-]{subsubsection.4.1.1.1}{Lace}{subsection.4.1.1}
\BOOKMARK [3][-]{subsubsection.4.1.1.2}{Avoid plastic shoes}{subsection.4.1.1}
\BOOKMARK [3][-]{subsubsection.4.1.1.3}{Quality of manufacture}{subsection.4.1.1}
\BOOKMARK [2][-]{subsection.4.1.2}{Comparison with slippers}{section.4.1}
\BOOKMARK [2][-]{subsection.4.1.3}{Necessity of socks}{section.4.1}
\BOOKMARK [1][-]{section.4.2}{Slippers}{chapter.4}
\BOOKMARK [2][-]{subsection.4.2.1}{Comparison with shoes}{section.4.2}
\BOOKMARK [3][-]{subsubsection.4.2.1.1}{Adherance}{subsection.4.2.1}
\BOOKMARK [3][-]{subsubsection.4.2.1.2}{Adherence, protection, ease of wearing}{subsection.4.2.1}
\BOOKMARK [3][-]{subsubsection.4.2.1.3}{Coolness}{subsection.4.2.1}
\BOOKMARK [2][-]{subsection.4.2.2}{Absorbant soles}{section.4.2}
\BOOKMARK [2][-]{subsection.4.2.3}{High adherance slippers}{section.4.2}
\BOOKMARK [3][-]{subsubsection.4.2.3.1}{Beach socks}{subsection.4.2.3}
\BOOKMARK [1][-]{section.4.3}{Socks}{chapter.4}
\BOOKMARK [1][-]{section.4.4}{Eye}{chapter.4}
\BOOKMARK [2][-]{subsection.4.4.1}{Purpose}{section.4.4}
\BOOKMARK [2][-]{subsection.4.4.2}{Choices}{section.4.4}
\BOOKMARK [1][-]{section.4.5}{Sun screen}{chapter.4}
\BOOKMARK [0][-]{chapter.5}{Special occasion clothing}{}
\BOOKMARK [1][-]{section.5.1}{Rain clothing}{chapter.5}
\BOOKMARK [1][-]{section.5.2}{Swimwear}{chapter.5}
\BOOKMARK [1][-]{section.5.3}{Hindu ceremonial dress}{chapter.5}
\BOOKMARK [0][-]{chapter.6}{Carrying things}{}
\BOOKMARK [1][-]{section.6.1}{Belt}{chapter.6}
\BOOKMARK [1][-]{section.6.2}{Cargo pants/ shorts}{chapter.6}
\BOOKMARK [1][-]{section.6.3}{Vests}{chapter.6}
\BOOKMARK [2][-]{subsection.6.3.1}{Types and purchase spots}{section.6.3}
\BOOKMARK [2][-]{subsection.6.3.2}{Neatness}{section.6.3}
\BOOKMARK [2][-]{subsection.6.3.3}{Use in Carrying/ storing}{section.6.3}
\BOOKMARK [1][-]{section.6.4}{Non-clothes Attachments}{chapter.6}
\BOOKMARK [1][-]{section.6.5}{Pouches}{chapter.6}
\BOOKMARK [2][-]{subsection.6.5.1}{Waist pouches}{section.6.5}
\BOOKMARK [2][-]{subsection.6.5.2}{Leg drop pouches}{section.6.5}
