\BOOKMARK [-1][-]{part.1}{parichayaH}{}
\BOOKMARK [0][-]{chapter.1}{viShayaH}{part.1}
\BOOKMARK [0][-]{chapter.2}{saMbandhAH}{part.1}
\BOOKMARK [1][-]{subsection.2.0.1}{aprakaTAH dheyAH}{chapter.2}
\BOOKMARK [1][-]{section.2.1}{Biological Mechanism}{chapter.2}
\BOOKMARK [0][-]{chapter.3}{mUla-vyavahAra-tantraH}{part.1}
\BOOKMARK [1][-]{section.3.1}{Understanding other animals}{chapter.3}
\BOOKMARK [1][-]{section.3.2}{Communication}{chapter.3}
\BOOKMARK [2][-]{subsection.3.2.1}{Social conformity vs authenticity}{section.3.2}
\BOOKMARK [1][-]{section.3.3}{Using social network websites}{chapter.3}
\BOOKMARK [2][-]{subsection.3.3.1}{By intention}{section.3.3}
\BOOKMARK [3][-]{subsubsection.3.3.1.1}{Gaining familiarity, respect}{subsection.3.3.1}
\BOOKMARK [3][-]{subsubsection.3.3.1.2}{Getting information}{subsection.3.3.1}
\BOOKMARK [2][-]{subsection.3.3.2}{Posting}{section.3.3}
\BOOKMARK [-1][-]{part.2}{udyoga-saMbandhAH}{}
\BOOKMARK [0][-]{chapter.4}{Collaboration, mentoring, command}{part.2}
\BOOKMARK [1][-]{section.4.1}{Collaboration / sahayoga}{chapter.4}
\BOOKMARK [1][-]{section.4.2}{Mentoring}{chapter.4}
\BOOKMARK [2][-]{subsection.4.2.1}{Reward good behavior}{section.4.2}
\BOOKMARK [3][-]{subsubsection.4.2.1.1}{Praise effort, not ability}{subsection.4.2.1}
\BOOKMARK [2][-]{subsection.4.2.2}{Criticise constructively, encouragingly}{section.4.2}
\BOOKMARK [3][-]{subsubsection.4.2.2.1}{Urgency of criticism}{subsection.4.2.2}
\BOOKMARK [3][-]{subsubsection.4.2.2.2}{Limiting criticism}{subsection.4.2.2}
\BOOKMARK [1][-]{section.4.3}{Command relationships: ordering}{chapter.4}
\BOOKMARK [2][-]{subsection.4.3.1}{An instrument of another's will}{section.4.3}
\BOOKMARK [2][-]{subsection.4.3.2}{Increasing conviction of the executor}{section.4.3}
\BOOKMARK [1][-]{section.4.4}{sahakAra-prApti}{chapter.4}
\BOOKMARK [0][-]{chapter.5}{Social Movements}{part.2}
\BOOKMARK [1][-]{section.5.1}{Leadership of movements}{chapter.5}
\BOOKMARK [2][-]{subsection.5.1.1}{Starting movements}{section.5.1}
\BOOKMARK [3][-]{subsubsection.5.1.1.1}{Use of social networking websites}{subsection.5.1.1}
\BOOKMARK [2][-]{subsection.5.1.2}{The first followers}{section.5.1}
\BOOKMARK [2][-]{subsection.5.1.3}{Later followers: the 'hipness' factor}{section.5.1}
\BOOKMARK [1][-]{section.5.2}{Processing information and ideas}{chapter.5}
\BOOKMARK [0][-]{chapter.6}{Organization and movements}{part.2}
\BOOKMARK [1][-]{section.6.1}{Dealing with a bureaucracy or an organization}{chapter.6}
\BOOKMARK [2][-]{subsection.6.1.1}{To extract required goods from them}{section.6.1}
\BOOKMARK [0][-]{chapter.7}{spardhA}{part.2}
\BOOKMARK [1][-]{section.7.1}{dvesha-nirOdhaH}{chapter.7}
\BOOKMARK [2][-]{subsection.7.1.1}{karuNA}{section.7.1}
\BOOKMARK [2][-]{subsection.7.1.2}{chintA-niyantraNaM}{section.7.1}
\BOOKMARK [-1][-]{part.3}{saparivAra-udyoga-saMbandhAH}{}
\BOOKMARK [0][-]{chapter.8}{Mate}{part.3}
\BOOKMARK [0][-]{chapter.9}{Parenting, descendents}{part.3}
\BOOKMARK [1][-]{section.9.1}{Adolescents}{chapter.9}
\BOOKMARK [1][-]{section.9.2}{Abilities of descendents}{chapter.9}
\BOOKMARK [2][-]{subsection.9.2.1}{Arrival of Homo evolutis}{section.9.2}
\BOOKMARK [1][-]{section.9.3}{Desirable ideas, habits, skills}{chapter.9}
\BOOKMARK [2][-]{subsection.9.3.1}{Meta-cognition}{section.9.3}
\BOOKMARK [3][-]{subsubsection.9.3.1.1}{Delayed gratification}{subsection.9.3.1}
\BOOKMARK [2][-]{subsection.9.3.2}{Metaphysics}{section.9.3}
\BOOKMARK [2][-]{subsection.9.3.3}{Epistemology}{section.9.3}
\BOOKMARK [3][-]{subsubsection.9.3.3.1}{Desire for the truth}{subsection.9.3.3}
\BOOKMARK [3][-]{subsubsection.9.3.3.2}{Research Aptitude and desire}{subsection.9.3.3}
\BOOKMARK [2][-]{subsection.9.3.4}{Shrewdness in society}{section.9.3}
\BOOKMARK [3][-]{subsubsection.9.3.4.1}{Understanding of distinction among cultures}{subsection.9.3.4}
\BOOKMARK [3][-]{subsubsection.9.3.4.2}{Social companionship}{subsection.9.3.4}
\BOOKMARK [2][-]{subsection.9.3.5}{Good values}{section.9.3}
\BOOKMARK [3][-]{subsubsection.9.3.5.1}{Hard and clever work}{subsection.9.3.5}
\BOOKMARK [3][-]{subsubsection.9.3.5.2}{Procreative desire and ability}{subsection.9.3.5}
\BOOKMARK [2][-]{subsection.9.3.6}{Hygene, chastity and disgust at intoxication}{section.9.3}
\BOOKMARK [2][-]{subsection.9.3.7}{A template parenting strategy}{section.9.3}
\BOOKMARK [2][-]{subsection.9.3.8}{Maintenance of fruitful membership in the brAhmaNa community}{section.9.3}
\BOOKMARK [3][-]{subsubsection.9.3.8.1}{Discipline}{subsection.9.3.8}
\BOOKMARK [3][-]{subsubsection.9.3.8.2}{Honoring susaMskRRitas}{subsection.9.3.8}
\BOOKMARK [3][-]{subsubsection.9.3.8.3}{Negative aspects}{subsection.9.3.8}
\BOOKMARK [1][-]{section.9.4}{Kindness}{chapter.9}
\BOOKMARK [1][-]{section.9.5}{Happiness of parents}{chapter.9}
\BOOKMARK [1][-]{section.9.6}{Developing the child's skills}{chapter.9}
\BOOKMARK [2][-]{subsection.9.6.1}{Nature vs nurture}{section.9.6}
\BOOKMARK [3][-]{subsubsection.9.6.1.1}{Nature}{subsection.9.6.1}
\BOOKMARK [3][-]{subsubsection.9.6.1.2}{Nurture}{subsection.9.6.1}
\BOOKMARK [2][-]{subsection.9.6.2}{Risk measurement}{section.9.6}
\BOOKMARK [2][-]{subsection.9.6.3}{High expectations?}{section.9.6}
\BOOKMARK [2][-]{subsection.9.6.4}{Questioning method}{section.9.6}
\BOOKMARK [2][-]{subsection.9.6.5}{Activities and projects}{section.9.6}
\BOOKMARK [2][-]{subsection.9.6.6}{Community identities}{section.9.6}
\BOOKMARK [3][-]{subsubsection.9.6.6.1}{Important memberships}{subsection.9.6.6}
\BOOKMARK [3][-]{subsubsection.9.6.6.2}{Influential but undesirable Cultures}{subsection.9.6.6}
\BOOKMARK [3][-]{subsubsection.9.6.6.3}{Need for faithful replication of culture}{subsection.9.6.6}
\BOOKMARK [3][-]{subsubsection.9.6.6.4}{Location}{subsection.9.6.6}
\BOOKMARK [2][-]{subsection.9.6.7}{Occupational identity}{section.9.6}
\BOOKMARK [0][-]{chapter.10}{Culture/ community participation}{part.3}
\BOOKMARK [-1][-]{part.4}{maitra-saMbandhAH}{}
\BOOKMARK [0][-]{chapter.11}{dharmaH cha prAptiH}{part.4}
\BOOKMARK [1][-]{section.11.1}{dharmaH}{chapter.11}
\BOOKMARK [2][-]{subsection.11.1.1}{Regional variations in the maitra-dharma}{section.11.1}
\BOOKMARK [3][-]{subsubsection.11.1.1.1}{Activity partners in USA}{subsection.11.1.1}
\BOOKMARK [1][-]{section.11.2}{mitra-prAptiH}{chapter.11}
\BOOKMARK [2][-]{subsection.11.2.1}{Identification of potential friends}{section.11.2}
\BOOKMARK [3][-]{subsubsection.11.2.1.1}{Conscious people in america}{subsection.11.2.1}
\BOOKMARK [2][-]{subsection.11.2.2}{Others' criteria}{section.11.2}
\BOOKMARK [2][-]{subsection.11.2.3}{Meet new people}{section.11.2}
\BOOKMARK [3][-]{subsubsection.11.2.3.1}{kAryAlaye}{subsection.11.2.3}
\BOOKMARK [3][-]{subsubsection.11.2.3.2}{gRRihe}{subsection.11.2.3}
\BOOKMARK [3][-]{subsubsection.11.2.3.3}{Social network websites}{subsection.11.2.3}
\BOOKMARK [3][-]{subsubsection.11.2.3.4}{Informational interviewing}{subsection.11.2.3}
\BOOKMARK [3][-]{subsubsection.11.2.3.5}{maitri-saMsthAH satsa NghAH}{subsection.11.2.3}
\BOOKMARK [2][-]{subsection.11.2.4}{sahAyya-prAptEH maitraM}{section.11.2}
\BOOKMARK [0][-]{chapter.12}{vyUhAH}{part.4}
\BOOKMARK [1][-]{section.12.1}{Decay of saMbandhas}{chapter.12}
\BOOKMARK [2][-]{subsection.12.1.1}{sambandha-rakShaNAya kAle kAle saMbhAShaNaM}{section.12.1}
\BOOKMARK [2][-]{subsection.12.1.2}{Limitations on size of saMbandhis}{section.12.1}
\BOOKMARK [1][-]{section.12.2}{maithunaM}{chapter.12}
\BOOKMARK [1][-]{section.12.3}{nikaTa-parivAraH}{chapter.12}
\BOOKMARK [1][-]{section.12.4}{dvitIya-vyUhaH}{chapter.12}
\BOOKMARK [2][-]{subsection.12.4.1}{dainika-vyavahAra-mitrAH}{section.12.4}
\BOOKMARK [1][-]{section.12.5}{tRRitIya-vyUhaH}{chapter.12}
\BOOKMARK [1][-]{section.12.6}{chaturtaH-vyUhaH}{chapter.12}
\BOOKMARK [1][-]{section.12.7}{Developing and maintaining sambandha}{chapter.12}
\BOOKMARK [0][-]{chapter.13}{paristhitayaH}{part.4}
\BOOKMARK [1][-]{section.13.1}{Disrespect}{chapter.13}
\BOOKMARK [2][-]{subsection.13.1.1}{Cumulative vs selective}{section.13.1}
\BOOKMARK [2][-]{subsection.13.1.2}{Detection}{section.13.1}
\BOOKMARK [3][-]{subsubsection.13.1.2.1}{Errors}{subsection.13.1.2}
\BOOKMARK [2][-]{subsection.13.1.3}{Identify cause, detection errors}{section.13.1}
\BOOKMARK [3][-]{subsubsection.13.1.3.1}{Simulation method}{subsection.13.1.3}
\BOOKMARK [3][-]{subsubsection.13.1.3.2}{Questioning}{subsection.13.1.3}
\BOOKMARK [2][-]{subsection.13.1.4}{Response}{section.13.1}
\BOOKMARK [3][-]{subsubsection.13.1.4.1}{Detection error case}{subsection.13.1.4}
\BOOKMARK [3][-]{subsubsection.13.1.4.2}{Prior offense case}{subsection.13.1.4}
\BOOKMARK [3][-]{subsubsection.13.1.4.3}{Algorithmic disrespect case}{subsection.13.1.4}
\BOOKMARK [1][-]{section.13.2}{Spurning}{chapter.13}
\BOOKMARK [2][-]{subsection.13.2.1}{Not disrespect}{section.13.2}
\BOOKMARK [2][-]{subsection.13.2.2}{Symptoms}{section.13.2}
\BOOKMARK [2][-]{subsection.13.2.3}{Response}{section.13.2}
\BOOKMARK [1][-]{section.13.3}{Visits/ overnight stays}{chapter.13}
\BOOKMARK [2][-]{subsection.13.3.1}{Short duration visits}{section.13.3}
\BOOKMARK [2][-]{subsection.13.3.2}{Purpose}{section.13.3}
\BOOKMARK [1][-]{section.13.4}{Entertainment of visitors}{chapter.13}
\BOOKMARK [2][-]{subsection.13.4.1}{Places to visit}{section.13.4}
\BOOKMARK [3][-]{subsubsection.13.4.1.1}{San Antonio}{subsection.13.4.1}
\BOOKMARK [3][-]{subsubsection.13.4.1.2}{Austin}{subsection.13.4.1}
\BOOKMARK [2][-]{subsection.13.4.2}{Other areas around austin}{section.13.4}
\BOOKMARK [3][-]{subsubsection.13.4.2.1}{Houston}{subsection.13.4.2}
\BOOKMARK [1][-]{section.13.5}{Social dining/ short visits}{chapter.13}
\BOOKMARK [2][-]{subsection.13.5.1}{Wait for everyone's food}{section.13.5}
\BOOKMARK [2][-]{subsection.13.5.2}{Avoidance of display of greed}{section.13.5}
\BOOKMARK [2][-]{subsection.13.5.3}{Gifting}{section.13.5}
\BOOKMARK [2][-]{subsection.13.5.4}{Leaving}{section.13.5}
\BOOKMARK [0][-]{chapter.14}{Dogs}{part.4}
\BOOKMARK [1][-]{section.14.1}{Relationship with humans}{chapter.14}
\BOOKMARK [2][-]{subsection.14.1.1}{Human perspective}{section.14.1}
\BOOKMARK [3][-]{subsubsection.14.1.1.1}{Use}{subsection.14.1.1}
\BOOKMARK [3][-]{subsubsection.14.1.1.2}{Cuteness}{subsection.14.1.1}
\BOOKMARK [2][-]{subsection.14.1.2}{Dog's perspective}{section.14.1}
\BOOKMARK [1][-]{section.14.2}{Communication}{chapter.14}
\BOOKMARK [1][-]{section.14.3}{History}{chapter.14}
