This is pdfTeX, Version 3.1415926-1.40.10 (TeX Live 2009/Debian) (format=pdflatex 2012.4.16)  30 MAY 2012 15:17
entering extended mode
 %&-line parsing enabled.
**location.tex
(./location.tex
LaTeX2e <2009/09/24>
Babel <v3.8l> and hyphenation patterns for english, usenglishmax, dumylang, noh
yphenation, farsi, arabic, croatian, bulgarian, ukrainian, russian, czech, slov
ak, danish, dutch, finnish, french, basque, ngerman, german, german-x-2009-06-1
9, ngerman-x-2009-06-19, ibycus, monogreek, greek, ancientgreek, hungarian, san
skrit, italian, latin, latvian, lithuanian, mongolian2a, mongolian, bokmal, nyn
orsk, romanian, irish, coptic, serbian, turkish, welsh, esperanto, uppersorbian
, estonian, indonesian, interlingua, icelandic, kurmanji, slovenian, polish, po
rtuguese, spanish, galician, catalan, swedish, ukenglish, pinyin, loaded.
(/usr/share/texmf-texlive/tex/latex/memoir/memoir.cls
Document Class: memoir 2009/09/21 v1.61803398b configurable book, report, artic
le document class
\onelineskip=\skip41
\lxvchars=\skip42
\xlvchars=\skip43
\@memcnta=\count79
\c@@memmarkcntra=\count80
(/usr/share/texmf-texlive/tex/generic/oberdiek/ifpdf.sty
Package: ifpdf 2009/04/10 v2.0 Provides the ifpdf switch (HO)
Package ifpdf Info: pdfTeX in pdf mode detected.
)
Class memoir Info: An `ifetex' package is being emulated on input line 251.

(/usr/share/texmf-texlive/tex/generic/ifxetex/ifxetex.sty
Package: ifxetex 2009/01/23 v0.5 Provides ifxetex conditional
)
(/usr/share/texmf-texlive/tex/generic/oberdiek/ifluatex.sty
Package: ifluatex 2009/04/17 v1.2 Provides the ifluatex switch (HO)
Package ifluatex Info: LuaTeX not detected.
)
\stockheight=\skip44
\stockwidth=\skip45
\trimtop=\skip46
\trimedge=\skip47

(/usr/share/texmf-texlive/tex/latex/etex-pkg/etex.sty
Package: etex 1998/03/26 v2.0 eTeX basic definition package (PEB)
\et@xins=\count81
)
(/usr/share/texmf-texlive/tex/latex/memoir/mem10.clo
File: mem10.clo 2008/01/30 v0.3 memoir class 10pt size option
)
\binding=\skip48
\spinemargin=\skip49
\foremargin=\skip50
\uppermargin=\skip51
\lowermargin=\skip52
\headdrop=\skip53
\normalrulethickness=\skip54
\headwidth=\skip55
\c@storedpagenumber=\count82
\memPD=\dimen102
\m@mabparskip=\skip56
\thanksmarkwidth=\skip57
\thanksmarksep=\skip58
\droptitle=\skip59
\c@book=\count83
\c@part=\count84
\c@chapter=\count85
\c@section=\count86
\c@subsection=\count87
\c@subsubsection=\count88
\c@paragraph=\count89
\c@subparagraph=\count90
\beforechapskip=\skip60
\midchapskip=\skip61
\afterchapskip=\skip62
\chapindent=\skip63
\bottomsectionskip=\skip64
\secindent=\skip65
\beforesecskip=\skip66
\aftersecskip=\skip67
\subsecindent=\skip68
\beforesubsecskip=\skip69
\aftersubsecskip=\skip70
\subsubsecindent=\skip71
\beforesubsubsecskip=\skip72
\aftersubsubsecskip=\skip73
\paraindent=\skip74
\beforeparaskip=\skip75
\afterparaskip=\skip76
\subparaindent=\skip77
\beforesubparaskip=\skip78
\aftersubparaskip=\skip79
\pfbreakskip=\skip80
\c@@ppsavesec=\count91
\c@@ppsaveapp=\count92
\ragrparindent=\dimen103
\everylistparindent=\dimen104
\parsepi=\skip81
\topsepi=\skip82
\itemsepi=\skip83
\parsepii=\skip84
\topsepii=\skip85
\topsepiii=\skip86
\itemsepii=\skip87
\itemsepiii=\skip88
\partopsepii=\skip89
\partopsepiii=\skip90
\m@msavetopsep=\skip91
\m@msavepartopsep=\skip92
\@enLab=\toks14
\abstitleskip=\skip93
\absleftindent=\skip94
\abs@leftindent=\dimen105
\absrightindent=\skip95
\absparindent=\skip96
\absparsep=\skip97
\c@vslineno=\count93
\c@poemline=\count94
\c@modulo@vs=\count95
\c@memfvsline=\count96
\vleftskip=\skip98
\vrightskip=\skip99
\stanzaskip=\skip100
\versewidth=\skip101
\vgap=\skip102
\vindent=\skip103
\vleftmargin=\dimen106
\c@verse=\count97
\c@chrsinstr=\count98
\beforepoemtitleskip=\skip104
\afterpoemtitleskip=\skip105
\c@poem=\count99
\beforePoemTitleskip=\skip106
\midPoemTitleskip=\skip107
\afterPoemTitleskip=\skip108
\col@sep=\dimen107
\extrarowheight=\dimen108
\NC@list=\toks15
\extratabsurround=\skip109
\backup@length=\skip110
\TX@col@width=\dimen109
\TX@old@table=\dimen110
\TX@old@col=\dimen111
\TX@target=\dimen112
\TX@delta=\dimen113
\TX@cols=\count100
\TX@ftn=\toks16
\heavyrulewidth=\dimen114
\lightrulewidth=\dimen115
\cmidrulewidth=\dimen116
\belowrulesep=\dimen117
\belowbottomsep=\dimen118
\aboverulesep=\dimen119
\abovetopsep=\dimen120
\cmidrulesep=\dimen121
\cmidrulekern=\dimen122
\defaultaddspace=\dimen123
\@cmidla=\count101
\@cmidlb=\count102
\@aboverulesep=\dimen124
\@belowrulesep=\dimen125
\@thisruleclass=\count103
\@lastruleclass=\count104
\@thisrulewidth=\dimen126
\ctableftskip=\skip111
\ctabrightskip=\skip112
\abovecolumnspenalty=\count105
\@linestogo=\count106
\@cellstogo=\count107
\@cellsincolumn=\count108
\crtok=\toks17
\@mincolumnwidth=\dimen127
\c@newflo@tctr=\count109
\@contcwidth=\skip113
\@contindw=\skip114
\abovecaptionskip=\skip115
\belowcaptionskip=\skip116
\subfloattopskip=\skip117
\subfloatcapskip=\skip118
\subfloatcaptopadj=\skip119
\subfloatbottomskip=\skip120
\subfloatlabelskip=\skip121
\subfloatcapmargin=\dimen128
\c@@contsubnum=\count110
\m@mscap@capbox=\box26
\m@mscap@fbox=\box27
\sidecapsep=\dimen129
\sidecapwidth=\dimen130
\m@m@tempdima=\dimen131
\m@mscapraise=\dimen132
\sidecapraise=\dimen133
\m@mscapmainwidth=\dimen134
\m@mscaplkern=\dimen135
\beforeepigraphskip=\skip122
\afterepigraphskip=\skip123
\epigraphwidth=\skip124
\epigraphrule=\skip125
LaTeX Info: Redefining \em on input line 7000.
LaTeX Info: Redefining \emph on input line 7008.
\tocentryskip=\skip126
\tocbaseline=\skip127
\cftparskip=\skip128
\cftbeforebookskip=\skip129
\cftbookindent=\dimen136
\cftbooknumwidth=\dimen137
\cftbeforepartskip=\skip130
\cftpartindent=\skip131
\cftpartnumwidth=\skip132
\cftbeforechapterskip=\skip133
\cftchapterindent=\skip134
\cftchapternumwidth=\skip135
\cftbeforesectionskip=\skip136
\cftsectionindent=\skip137
\cftsectionnumwidth=\skip138
\cftbeforesubsectionskip=\skip139
\cftsubsectionindent=\skip140
\cftsubsectionnumwidth=\skip141
\cftbeforesubsubsectionskip=\skip142
\cftsubsubsectionindent=\skip143
\cftsubsubsectionnumwidth=\skip144
\cftbeforeparagraphskip=\skip145
\cftparagraphindent=\skip146
\cftparagraphnumwidth=\skip147
\cftbeforesubparagraphskip=\skip148
\cftsubparagraphindent=\skip149
\cftsubparagraphnumwidth=\skip150
\prechapterprecisshift=\dimen138
\c@maxsecnumdepth=\count111
\bibindent=\dimen139
\bibitemsep=\skip151
\indexcolsep=\skip152
\indexrule=\skip153
\indexmarkstyle=\toks18
\@indexbox=\insert233
\glossarycolsep=\dimen140
\glossaryrule=\dimen141
\sideparvshift=\skip154
\sideins=\insert232
\sidebartopsep=\skip155
\sidebarhsep=\skip156
\sidebarvsep=\skip157
\sidebarwidth=\skip158
\footmarkwidth=\skip159
\footmarksep=\skip160
\footparindent=\skip161
\footinsdim=\skip162
\footinsv@r=\insert231
\@mpfootinsv@r=\insert230
\m@m@k=\count112
\m@m@h=\dimen142
\m@mipn@skip=\skip163
\c@pagenote=\count113
\every@verbatim=\toks19
\afterevery@verbatim=\toks20
\verbatim@line=\toks21
\tab@position=\count114
\verbatim@in@stream=\read1
\verbatimindent=\skip164
\verbatim@out=\write3
\bvboxsep=\skip165
\c@memfbvline=\count115
\c@bvlinectr=\count116
\bvnumlength=\skip166
\fb@frw=\dimen143
\fb@frh=\dimen144
\FrameRule=\dimen145
\FrameSep=\dimen146
\c@cp@cntr=\count117
LaTeX Info: Redefining \: on input line 10864.
LaTeX Info: Redefining \! on input line 10866.
\c@ism@mctr=\count118
\c@xsm@mctr=\count119
\c@csm@mctr=\count120
\c@ksm@mctr=\count121
\c@xksm@mctr=\count122
\c@cksm@mctr=\count123
\c@msm@mctr=\count124
\c@xmsm@mctr=\count125
\c@cmsm@mctr=\count126
\c@bsm@mctr=\count127
\c@workm@mctr=\count128
\c@sheetsequence=\count129
\c@lastsheet=\count130
\c@lastpage=\count131
\c@figure=\count132
\c@lofdepth=\count133
\cftbeforefigureskip=\skip167
\cftfigureindent=\skip168
\cftfigurenumwidth=\skip169
\c@table=\count134
\c@lotdepth=\count135
\cftbeforetableskip=\skip170
\cfttableindent=\skip171
\cfttablenumwidth=\skip172
Package abstract [2008/07/23] emulated by memoir.
Package appendix [2008/07/23] emulated by memoir.
Package array [2008/07/23] emulated by memoir.
Package booktabs [2008/07/23] emulated by memoir.
Package ccaption [2008/07/23] emulated by memoir.
Package changepage [2008/07/23] emulated by memoir.
Package chngcntr [2008/07/23] emulated by memoir.
Package chngpage [2008/07/23] emulated by memoir.
Package crop emulated by memoir.
Package dcolumn [2008/07/23] emulated by memoir.
Package delarray [2008/07/23] emulated by memoir.
Package enumerate [2008/07/23] emulated by memoir.
Package epigraph [2008/07/23] emulated by memoir.
Package ifmtarg [2008/07/23] emulated by memoir.
Package ifetex [2008/07/23] emulated by memoir.
Package index [2008/07/23] emulated by memoir.
Package makeidx [2008/07/23] emulated by memoir.
Package moreverb [2008/07/23] emulated by memoir.
Package mparhack [2008/07/23] emulated by memoir.
Package needspace [2008/07/23] emulated by memoir.
Package newfile [2008/07/23] emulated by memoir.
Package nextpage [2008/07/23] emulated by memoir.
Package pagenote [2008/07/23] emulated by memoir.
Package parskip [2008/07/23] emulated by memoir.
Package patchcmd [2008/07/23] emulated by memoir.
Package setspace [2008/07/23] emulated by memoir.
Package shortvrb [2008/07/23] emulated by memoir.
Package showidx [2008/07/23] emulated by memoir.
Package tabularx [2008/07/23] emulated by memoir.
Package titleref [2008/07/23] emulated by memoir.
Package titling [2008/07/23] emulated by memoir.
Package tocbibind [2008/07/23] emulated by memoir.
Package tocloft [2008/07/23] emulated by memoir.
Package verbatim [2008/07/23] emulated by memoir.
Package verse [2008/07/23] emulated by memoir.

(/usr/share/texmf-texlive/tex/latex/memoir/mempatch.sty
Package: mempatch 2009/07/24 v6.0f Patches for memoir class v1.6180339
))
(../../../work/packages.tex
(/usr/share/texmf-texlive/tex/latex/amsfonts/amsfonts.sty
Package: amsfonts 2009/06/22 v3.00 Basic AMSFonts support
\@emptytoks=\toks22
\symAMSa=\mathgroup4
\symAMSb=\mathgroup5
LaTeX Font Info:    Overwriting math alphabet `\mathfrak' in version `bold'
(Font)                  U/euf/m/n --> U/euf/b/n on input line 96.
)
(/usr/share/texmf-texlive/tex/latex/amsmath/amsmath.sty
Package: amsmath 2000/07/18 v2.13 AMS math features
\@mathmargin=\skip173

For additional information on amsmath, use the `?' option.
(/usr/share/texmf-texlive/tex/latex/amsmath/amstext.sty
Package: amstext 2000/06/29 v2.01

(/usr/share/texmf-texlive/tex/latex/amsmath/amsgen.sty
File: amsgen.sty 1999/11/30 v2.0
\@emptytoks=\toks23
\ex@=\dimen147
))
(/usr/share/texmf-texlive/tex/latex/amsmath/amsbsy.sty
Package: amsbsy 1999/11/29 v1.2d
\pmbraise@=\dimen148
)
(/usr/share/texmf-texlive/tex/latex/amsmath/amsopn.sty
Package: amsopn 1999/12/14 v2.01 operator names
)
\inf@bad=\count136
LaTeX Info: Redefining \frac on input line 211.
\uproot@=\count137
\leftroot@=\count138
LaTeX Info: Redefining \overline on input line 307.
\classnum@=\count139
\DOTSCASE@=\count140
LaTeX Info: Redefining \ldots on input line 379.
LaTeX Info: Redefining \dots on input line 382.
LaTeX Info: Redefining \cdots on input line 467.
\Mathstrutbox@=\box28
\strutbox@=\box29
\big@size=\dimen149
LaTeX Font Info:    Redeclaring font encoding OML on input line 567.
LaTeX Font Info:    Redeclaring font encoding OMS on input line 568.
\macc@depth=\count141
\c@MaxMatrixCols=\count142
\dotsspace@=\muskip10
\c@parentequation=\count143
\dspbrk@lvl=\count144
\tag@help=\toks24
\row@=\count145
\column@=\count146
\maxfields@=\count147
\andhelp@=\toks25
\eqnshift@=\dimen150
\alignsep@=\dimen151
\tagshift@=\dimen152
\tagwidth@=\dimen153
\totwidth@=\dimen154
\lineht@=\dimen155
\@envbody=\toks26
\multlinegap=\skip174
\multlinetaggap=\skip175
\mathdisplay@stack=\toks27
LaTeX Info: Redefining \[ on input line 2666.
LaTeX Info: Redefining \] on input line 2667.
)
(/usr/share/texmf-texlive/tex/latex/amsfonts/amssymb.sty
Package: amssymb 2009/06/22 v3.00
)
(/usr/share/texmf-texlive/tex/latex/amscls/amsthm.sty
Package: amsthm 2004/08/06 v2.20
\thm@style=\toks28
\thm@bodyfont=\toks29
\thm@headfont=\toks30
\thm@notefont=\toks31
\thm@headpunct=\toks32
\thm@preskip=\skip176
\thm@postskip=\skip177
\thm@headsep=\skip178
\dth@everypar=\toks33
)
(/usr/share/texmf-texlive/tex/latex/hyperref/hyperref.sty
Package: hyperref 2009/10/09 v6.79a Hypertext links for LaTeX

(/usr/share/texmf-texlive/tex/latex/graphics/keyval.sty
Package: keyval 1999/03/16 v1.13 key=value parser (DPC)
\KV@toks@=\toks34
)
(/usr/share/texmf-texlive/tex/generic/oberdiek/ifvtex.sty
Package: ifvtex 2008/11/04 v1.4 Switches for detecting VTeX and its modes (HO)
Package ifvtex Info: VTeX not detected.
)
(/usr/share/texmf-texlive/tex/latex/oberdiek/hycolor.sty
Package: hycolor 2009/10/02 v1.5 Code for color options of hyperref/bookmark (H
O)

(/usr/share/texmf-texlive/tex/latex/oberdiek/xcolor-patch.sty
Package: xcolor-patch 2009/10/02 xcolor patch
))
\@linkdim=\dimen156
\Hy@linkcounter=\count148
\Hy@pagecounter=\count149

(/usr/share/texmf-texlive/tex/latex/hyperref/pd1enc.def
File: pd1enc.def 2009/10/09 v6.79a Hyperref: PDFDocEncoding definition (HO)
)
(/usr/share/texmf-texlive/tex/generic/oberdiek/etexcmds.sty
Package: etexcmds 2007/12/12 v1.2 Prefix for e-TeX command names (HO)

(/usr/share/texmf-texlive/tex/generic/oberdiek/infwarerr.sty
Package: infwarerr 2007/09/09 v1.2 Providing info/warning/message (HO)
)
Package etexcmds Info: Could not find \expanded.
(etexcmds)             That can mean that you are not using pdfTeX 1.50 or
(etexcmds)             that some package has redefined \expanded.
(etexcmds)             In the latter case, load this package earlier.
)
(/usr/share/texmf-texlive/tex/latex/latexconfig/hyperref.cfg
File: hyperref.cfg 2002/06/06 v1.2 hyperref configuration of TeXLive
)
(/usr/share/texmf-texlive/tex/latex/oberdiek/kvoptions.sty
Package: kvoptions 2009/08/13 v3.4 Keyval support for LaTeX options (HO)

(/usr/share/texmf-texlive/tex/generic/oberdiek/kvsetkeys.sty
Package: kvsetkeys 2009/07/30 v1.5 Key value parser with default handler suppor
t (HO)
))
Package hyperref Info: Hyper figures OFF on input line 2975.
Package hyperref Info: Link nesting OFF on input line 2980.
Package hyperref Info: Hyper index ON on input line 2983.
Package hyperref Info: Plain pages OFF on input line 2990.
Package hyperref Info: Backreferencing OFF on input line 2995.

Implicit mode ON; LaTeX internals redefined
Package hyperref Info: Bookmarks ON on input line 3191.
(/usr/share/texmf-texlive/tex/latex/ltxmisc/url.sty
\Urlmuskip=\muskip11
Package: url 2006/04/12  ver 3.3  Verb mode for urls, etc.
)
LaTeX Info: Redefining \url on input line 3428.

(/usr/share/texmf-texlive/tex/generic/oberdiek/bitset.sty
Package: bitset 2007/09/28 v1.0 Data type bit set (HO)

(/usr/share/texmf-texlive/tex/generic/oberdiek/intcalc.sty
Package: intcalc 2007/09/27 v1.1 Expandable integer calculations (HO)
)
(/usr/share/texmf-texlive/tex/generic/oberdiek/bigintcalc.sty
Package: bigintcalc 2007/11/11 v1.1 Expandable big integer calculations (HO)

(/usr/share/texmf-texlive/tex/generic/oberdiek/pdftexcmds.sty
Package: pdftexcmds 2009/09/23 v0.6 LuaTeX support for pdfTeX utility functions
 (HO)

(/usr/share/texmf-texlive/tex/generic/oberdiek/ltxcmds.sty
Package: ltxcmds 2009/08/05 v1.0 Some LaTeX kernel commands for general use (HO
)
)
Package pdftexcmds Info: LuaTeX not detected.
Package pdftexcmds Info: \pdf@primitive is available.
Package pdftexcmds Info: \pdf@ifprimitive is available.
)))
\Fld@menulength=\count150
\Field@Width=\dimen157
\Fld@charsize=\dimen158
\Field@toks=\toks35
Package hyperref Info: Hyper figures OFF on input line 4377.
Package hyperref Info: Link nesting OFF on input line 4382.
Package hyperref Info: Hyper index ON on input line 4385.
Package hyperref Info: backreferencing OFF on input line 4392.
Package hyperref Info: Link coloring OFF on input line 4397.
Package hyperref Info: Link coloring with OCG OFF on input line 4402.
Package hyperref Info: PDF/A mode OFF on input line 4407.

(/usr/share/texmf-texlive/tex/generic/oberdiek/atbegshi.sty
Package: atbegshi 2008/07/31 v1.9 At begin shipout hook (HO)
)
\Hy@abspage=\count151
\c@Item=\count152
)
(/usr/share/texmf-texlive/tex/latex/memoir/memhfixc.sty
Package: memhfixc 2009/02/06 v1.12 nameref/hyperref package fixes for memoir cl
ass
\c@memhycontfloat=\count153
)
*hyperref using default driver hpdftex*
(/usr/share/texmf-texlive/tex/latex/hyperref/hpdftex.def
File: hpdftex.def 2009/10/09 v6.79a Hyperref driver for pdfTeX
\Fld@listcount=\count154
)
(/usr/share/texmf-texlive/tex/latex/graphics/graphicx.sty
Package: graphicx 1999/02/16 v1.0f Enhanced LaTeX Graphics (DPC,SPQR)

(/usr/share/texmf-texlive/tex/latex/graphics/graphics.sty
Package: graphics 2009/02/05 v1.0o Standard LaTeX Graphics (DPC,SPQR)

(/usr/share/texmf-texlive/tex/latex/graphics/trig.sty
Package: trig 1999/03/16 v1.09 sin cos tan (DPC)
)
(/etc/texmf/tex/latex/config/graphics.cfg
File: graphics.cfg 2009/08/28 v1.8 graphics configuration of TeX Live
)
Package graphics Info: Driver file: pdftex.def on input line 91.

(/usr/share/texmf-texlive/tex/latex/pdftex-def/pdftex.def
File: pdftex.def 2010/03/12 v0.04p Graphics/color for pdfTeX
\Gread@gobject=\count155
))
\Gin@req@height=\dimen159
\Gin@req@width=\dimen160
)
(/usr/share/texmf-texlive/tex/latex/listings/listings.sty
\lst@mode=\count156
\lst@gtempboxa=\box30
\lst@token=\toks36
\lst@length=\count157
\lst@currlwidth=\dimen161
\lst@column=\count158
\lst@pos=\count159
\lst@lostspace=\dimen162
\lst@width=\dimen163
\lst@newlines=\count160
\lst@lineno=\count161
\lst@maxwidth=\dimen164

(/usr/share/texmf-texlive/tex/latex/listings/lstmisc.sty
File: lstmisc.sty 2007/02/22 1.4 (Carsten Heinz)
\c@lstnumber=\count162
\lst@skipnumbers=\count163
\lst@framebox=\box31
)
(/usr/share/texmf-texlive/tex/latex/listings/listings.cfg
File: listings.cfg 2007/02/22 1.4 listings configuration
))
Package: listings 2007/02/22 1.4 (Carsten Heinz)

(/usr/share/texmf-texlive/tex/latex/multirow/multirow.sty
\bigstrutjot=\dimen165
)
(/usr/share/texmf-texlive/tex/latex/algorithms/algorithm.sty
Package: algorithm 2009/08/24 v0.1 Document Style `algorithm' - floating enviro
nment

(/usr/share/texmf-texlive/tex/latex/float/float.sty
Package: float 2001/11/08 v1.3d Float enhancements (AL)
\c@float@type=\count164
\float@exts=\toks37
\float@box=\box32
\@float@everytoks=\toks38
\@floatcapt=\box33
)
(/usr/share/texmf-texlive/tex/latex/base/ifthen.sty
Package: ifthen 2001/05/26 v1.1c Standard LaTeX ifthen package (DPC)
)
\@float@every@algorithm=\toks39
\c@algorithm=\count165
)
(/usr/share/texmf-texlive/tex/latex/algorithms/algorithmic.sty
Package: algorithmic 2009/08/24 v0.1 Document Style `algorithmic'
\c@ALC@unique=\count166
\c@ALC@line=\count167
\c@ALC@rem=\count168
\c@ALC@depth=\count169
\ALC@tlm=\skip179
\algorithmicindent=\skip180
)
(/usr/share/texmf-texlive/tex/latex/enumitem/enumitem.sty
Package: enumitem 2009/05/18 v2.2 Customized lists
\enit@toks=\toks40
\labelindent=\skip181
\enit@outerparindent=\dimen166
\enitdp@desc=\count170
)
(/usr/share/texmf/tex/latex/pgf/frontendlayer/tikz.sty
(/usr/share/texmf/tex/latex/pgf/basiclayer/pgf.sty
(/usr/share/texmf/tex/latex/pgf/utilities/pgfrcs.sty
(/usr/share/texmf/tex/generic/pgf/utilities/pgfutil-common.tex
\pgfutil@everybye=\toks41
)
(/usr/share/texmf/tex/generic/pgf/utilities/pgfutil-latex.def
\pgfutil@abb=\box34

(/usr/share/texmf-texlive/tex/latex/ms/everyshi.sty
Package: everyshi 2001/05/15 v3.00 EveryShipout Package (MS)
))
(/usr/share/texmf/tex/generic/pgf/utilities/pgfrcs.code.tex
Package: pgfrcs 2010/10/25 v2.10 (rcs-revision 1.24)
))
Package: pgf 2008/01/15 v2.10 (rcs-revision 1.12)

(/usr/share/texmf/tex/latex/pgf/basiclayer/pgfcore.sty
(/usr/share/texmf/tex/latex/pgf/systemlayer/pgfsys.sty
(/usr/share/texmf/tex/generic/pgf/systemlayer/pgfsys.code.tex
Package: pgfsys 2010/06/30 v2.10 (rcs-revision 1.37)

(/usr/share/texmf/tex/generic/pgf/utilities/pgfkeys.code.tex
\pgfkeys@pathtoks=\toks42
\pgfkeys@temptoks=\toks43

(/usr/share/texmf/tex/generic/pgf/utilities/pgfkeysfiltered.code.tex
\pgfkeys@tmptoks=\toks44
))
\pgf@x=\dimen167
\pgf@y=\dimen168
\pgf@xa=\dimen169
\pgf@ya=\dimen170
\pgf@xb=\dimen171
\pgf@yb=\dimen172
\pgf@xc=\dimen173
\pgf@yc=\dimen174
\w@pgf@writea=\write4
\r@pgf@reada=\read2
\c@pgf@counta=\count171
\c@pgf@countb=\count172
\c@pgf@countc=\count173
\c@pgf@countd=\count174

(/usr/share/texmf/tex/generic/pgf/systemlayer/pgf.cfg
File: pgf.cfg 2008/05/14  (rcs-revision 1.7)
)
Package pgfsys Info: Driver file for pgf: pgfsys-pdftex.def on input line 900.

(/usr/share/texmf/tex/generic/pgf/systemlayer/pgfsys-pdftex.def
File: pgfsys-pdftex.def 2009/05/22  (rcs-revision 1.26)

(/usr/share/texmf/tex/generic/pgf/systemlayer/pgfsys-common-pdf.def
File: pgfsys-common-pdf.def 2008/05/19  (rcs-revision 1.10)
)))
(/usr/share/texmf/tex/generic/pgf/systemlayer/pgfsyssoftpath.code.tex
File: pgfsyssoftpath.code.tex 2008/07/18  (rcs-revision 1.7)
\pgfsyssoftpath@smallbuffer@items=\count175
\pgfsyssoftpath@bigbuffer@items=\count176
)
(/usr/share/texmf/tex/generic/pgf/systemlayer/pgfsysprotocol.code.tex
File: pgfsysprotocol.code.tex 2006/10/16  (rcs-revision 1.4)
))
(/usr/share/texmf/tex/latex/xcolor/xcolor.sty
Package: xcolor 2007/01/21 v2.11 LaTeX color extensions (UK)

(/etc/texmf/tex/latex/config/color.cfg
File: color.cfg 2007/01/18 v1.5 color configuration of teTeX/TeXLive
)
Package xcolor Info: Driver file: pdftex.def on input line 225.
Package xcolor Info: Model `cmy' substituted by `cmy0' on input line 1337.
Package xcolor Info: Model `hsb' substituted by `rgb' on input line 1341.
Package xcolor Info: Model `RGB' extended on input line 1353.
Package xcolor Info: Model `HTML' substituted by `rgb' on input line 1355.
Package xcolor Info: Model `Hsb' substituted by `hsb' on input line 1356.
Package xcolor Info: Model `tHsb' substituted by `hsb' on input line 1357.
Package xcolor Info: Model `HSB' substituted by `hsb' on input line 1358.
Package xcolor Info: Model `Gray' substituted by `gray' on input line 1359.
Package xcolor Info: Model `wave' substituted by `hsb' on input line 1360.
)
(/usr/share/texmf/tex/generic/pgf/basiclayer/pgfcore.code.tex
Package: pgfcore 2010/04/11 v2.10 (rcs-revision 1.7)

(/usr/share/texmf/tex/generic/pgf/math/pgfmath.code.tex
(/usr/share/texmf/tex/generic/pgf/math/pgfmathcalc.code.tex
(/usr/share/texmf/tex/generic/pgf/math/pgfmathutil.code.tex)
(/usr/share/texmf/tex/generic/pgf/math/pgfmathparser.code.tex
\pgfmath@dimen=\dimen175
\pgfmath@count=\count177
\pgfmath@box=\box35
\pgfmath@toks=\toks45
\pgfmath@stack@operand=\toks46
\pgfmath@stack@operation=\toks47
)
(/usr/share/texmf/tex/generic/pgf/math/pgfmathfunctions.code.tex
(/usr/share/texmf/tex/generic/pgf/math/pgfmathfunctions.basic.code.tex)
(/usr/share/texmf/tex/generic/pgf/math/pgfmathfunctions.trigonometric.code.tex)
(/usr/share/texmf/tex/generic/pgf/math/pgfmathfunctions.random.code.tex)
(/usr/share/texmf/tex/generic/pgf/math/pgfmathfunctions.comparison.code.tex)
(/usr/share/texmf/tex/generic/pgf/math/pgfmathfunctions.base.code.tex)
(/usr/share/texmf/tex/generic/pgf/math/pgfmathfunctions.round.code.tex)
(/usr/share/texmf/tex/generic/pgf/math/pgfmathfunctions.misc.code.tex)))
(/usr/share/texmf/tex/generic/pgf/math/pgfmathfloat.code.tex
\c@pgfmathroundto@lastzeros=\count178
))
(/usr/share/texmf/tex/generic/pgf/basiclayer/pgfcorepoints.code.tex
File: pgfcorepoints.code.tex 2010/04/09  (rcs-revision 1.20)
\pgf@picminx=\dimen176
\pgf@picmaxx=\dimen177
\pgf@picminy=\dimen178
\pgf@picmaxy=\dimen179
\pgf@pathminx=\dimen180
\pgf@pathmaxx=\dimen181
\pgf@pathminy=\dimen182
\pgf@pathmaxy=\dimen183
\pgf@xx=\dimen184
\pgf@xy=\dimen185
\pgf@yx=\dimen186
\pgf@yy=\dimen187
\pgf@zx=\dimen188
\pgf@zy=\dimen189
)
(/usr/share/texmf/tex/generic/pgf/basiclayer/pgfcorepathconstruct.code.tex
File: pgfcorepathconstruct.code.tex 2010/08/03  (rcs-revision 1.24)
\pgf@path@lastx=\dimen190
\pgf@path@lasty=\dimen191
)
(/usr/share/texmf/tex/generic/pgf/basiclayer/pgfcorepathusage.code.tex
File: pgfcorepathusage.code.tex 2008/04/22  (rcs-revision 1.12)
\pgf@shorten@end@additional=\dimen192
\pgf@shorten@start@additional=\dimen193
)
(/usr/share/texmf/tex/generic/pgf/basiclayer/pgfcorescopes.code.tex
File: pgfcorescopes.code.tex 2010/09/08  (rcs-revision 1.34)
\pgfpic=\box36
\pgf@hbox=\box37
\pgf@layerbox@main=\box38
\pgf@picture@serial@count=\count179
)
(/usr/share/texmf/tex/generic/pgf/basiclayer/pgfcoregraphicstate.code.tex
File: pgfcoregraphicstate.code.tex 2008/04/22  (rcs-revision 1.9)
\pgflinewidth=\dimen194
)
(/usr/share/texmf/tex/generic/pgf/basiclayer/pgfcoretransformations.code.tex
File: pgfcoretransformations.code.tex 2009/06/10  (rcs-revision 1.11)
\pgf@pt@x=\dimen195
\pgf@pt@y=\dimen196
\pgf@pt@temp=\dimen197
)
(/usr/share/texmf/tex/generic/pgf/basiclayer/pgfcorequick.code.tex
File: pgfcorequick.code.tex 2008/10/09  (rcs-revision 1.3)
)
(/usr/share/texmf/tex/generic/pgf/basiclayer/pgfcoreobjects.code.tex
File: pgfcoreobjects.code.tex 2006/10/11  (rcs-revision 1.2)
)
(/usr/share/texmf/tex/generic/pgf/basiclayer/pgfcorepathprocessing.code.tex
File: pgfcorepathprocessing.code.tex 2008/10/09  (rcs-revision 1.8)
)
(/usr/share/texmf/tex/generic/pgf/basiclayer/pgfcorearrows.code.tex
File: pgfcorearrows.code.tex 2008/04/23  (rcs-revision 1.11)
)
(/usr/share/texmf/tex/generic/pgf/basiclayer/pgfcoreshade.code.tex
File: pgfcoreshade.code.tex 2008/11/23  (rcs-revision 1.13)
\pgf@max=\dimen198
\pgf@sys@shading@range@num=\count180
)
(/usr/share/texmf/tex/generic/pgf/basiclayer/pgfcoreimage.code.tex
File: pgfcoreimage.code.tex 2010/03/25  (rcs-revision 1.16)

(/usr/share/texmf/tex/generic/pgf/basiclayer/pgfcoreexternal.code.tex
File: pgfcoreexternal.code.tex 2010/09/01  (rcs-revision 1.17)
\pgfexternal@startupbox=\box39
))
(/usr/share/texmf/tex/generic/pgf/basiclayer/pgfcorelayers.code.tex
File: pgfcorelayers.code.tex 2010/08/27  (rcs-revision 1.2)
)
(/usr/share/texmf/tex/generic/pgf/basiclayer/pgfcoretransparency.code.tex
File: pgfcoretransparency.code.tex 2008/01/17  (rcs-revision 1.2)
)
(/usr/share/texmf/tex/generic/pgf/basiclayer/pgfcorepatterns.code.tex
File: pgfcorepatterns.code.tex 2009/07/02  (rcs-revision 1.3)
)))
(/usr/share/texmf/tex/generic/pgf/modules/pgfmoduleshapes.code.tex
File: pgfmoduleshapes.code.tex 2010/09/09  (rcs-revision 1.13)
\pgfnodeparttextbox=\box40
)
(/usr/share/texmf/tex/generic/pgf/modules/pgfmoduleplot.code.tex
File: pgfmoduleplot.code.tex 2010/10/22  (rcs-revision 1.8)
)
(/usr/share/texmf/tex/latex/pgf/compatibility/pgfcomp-version-0-65.sty
Package: pgfcomp-version-0-65 2007/07/03 v2.10 (rcs-revision 1.7)
\pgf@nodesepstart=\dimen199
\pgf@nodesepend=\dimen200
)
(/usr/share/texmf/tex/latex/pgf/compatibility/pgfcomp-version-1-18.sty
Package: pgfcomp-version-1-18 2007/07/23 v2.10 (rcs-revision 1.1)
))
(/usr/share/texmf/tex/latex/pgf/utilities/pgffor.sty
(/usr/share/texmf/tex/latex/pgf/utilities/pgfkeys.sty
(/usr/share/texmf/tex/generic/pgf/utilities/pgfkeys.code.tex))
(/usr/share/texmf/tex/generic/pgf/utilities/pgffor.code.tex
Package: pgffor 2010/03/23 v2.10 (rcs-revision 1.18)
\pgffor@iter=\dimen201
\pgffor@skip=\dimen202
\pgffor@stack=\toks48
\pgffor@toks=\toks49
))
(/usr/share/texmf/tex/generic/pgf/frontendlayer/tikz/tikz.code.tex
Package: tikz 2010/10/13 v2.10 (rcs-revision 1.76)

(/usr/share/texmf/tex/generic/pgf/libraries/pgflibraryplothandlers.code.tex
File: pgflibraryplothandlers.code.tex 2010/05/31 v2.10 (rcs-revision 1.15)
\pgf@plot@mark@count=\count181
\pgfplotmarksize=\dimen203
)
\tikz@lastx=\dimen204
\tikz@lasty=\dimen205
\tikz@lastxsaved=\dimen206
\tikz@lastysaved=\dimen207
\tikzleveldistance=\dimen208
\tikzsiblingdistance=\dimen209
\tikz@figbox=\box41
\tikz@tempbox=\box42
\tikztreelevel=\count182
\tikznumberofchildren=\count183
\tikznumberofcurrentchild=\count184
\tikz@fig@count=\count185

(/usr/share/texmf/tex/generic/pgf/modules/pgfmodulematrix.code.tex
File: pgfmodulematrix.code.tex 2010/08/24  (rcs-revision 1.4)
\pgfmatrixcurrentrow=\count186
\pgfmatrixcurrentcolumn=\count187
\pgf@matrix@numberofcolumns=\count188
)
\tikz@expandcount=\count189

(/usr/share/texmf/tex/generic/pgf/frontendlayer/tikz/libraries/tikzlibrarytopat
hs.code.tex
File: tikzlibrarytopaths.code.tex 2008/06/17 v2.10 (rcs-revision 1.2)
)))
(/usr/share/texmf/tex/generic/pgf/frontendlayer/tikz/libraries/tikzlibraryarrow
s.code.tex
File: tikzlibraryarrows.code.tex 2008/01/09 v2.10 (rcs-revision 1.1)

(/usr/share/texmf/tex/generic/pgf/libraries/pgflibraryarrows.code.tex
File: pgflibraryarrows.code.tex 2008/10/27 v2.10 (rcs-revision 1.9)
\arrowsize=\dimen210
))
(/usr/share/texmf/tex/generic/pgf/frontendlayer/tikz/libraries/tikzlibrarydecor
ations.code.tex
(/usr/share/texmf/tex/generic/pgf/modules/pgfmoduledecorations.code.tex
\pgfdecoratedcompleteddistance=\dimen211
\pgfdecoratedremainingdistance=\dimen212
\pgfdecoratedinputsegmentcompleteddistance=\dimen213
\pgfdecoratedinputsegmentremainingdistance=\dimen214
\pgf@decorate@distancetomove=\dimen215
\pgf@decorate@repeatstate=\count190
\pgfdecorationsegmentamplitude=\dimen216
\pgfdecorationsegmentlength=\dimen217
)
\tikz@lib@dec@box=\box43
)
(/usr/share/texmf/tex/generic/pgf/frontendlayer/tikz/libraries/tikzlibraryfit.c
ode.tex
File: tikzlibraryfit.code.tex 2008/06/21 v2.10 (rcs-revision 1.3)
)
(/usr/share/texmf/tex/generic/pgf/frontendlayer/tikz/libraries/tikzlibrarybackg
rounds.code.tex
File: tikzlibrarybackgrounds.code.tex 2010/02/08 v2.10 (rcs-revision 1.2)
\pgf@layerbox@background=\box44
\pgf@layerboxsaved@background=\box45
)) (../../../work/packagesMemoir.tex)
No file location.aux.
\openout1 = `location.aux'.

LaTeX Font Info:    Checking defaults for OML/cmm/m/it on input line 9.
LaTeX Font Info:    ... okay on input line 9.
LaTeX Font Info:    Checking defaults for T1/cmr/m/n on input line 9.
LaTeX Font Info:    ... okay on input line 9.
LaTeX Font Info:    Checking defaults for OT1/cmr/m/n on input line 9.
LaTeX Font Info:    ... okay on input line 9.
LaTeX Font Info:    Checking defaults for OMS/cmsy/m/n on input line 9.
LaTeX Font Info:    ... okay on input line 9.
LaTeX Font Info:    Checking defaults for OMX/cmex/m/n on input line 9.
LaTeX Font Info:    ... okay on input line 9.
LaTeX Font Info:    Checking defaults for U/cmr/m/n on input line 9.
LaTeX Font Info:    ... okay on input line 9.
LaTeX Font Info:    Checking defaults for PD1/pdf/m/n on input line 9.
LaTeX Font Info:    ... okay on input line 9.
Package hyperref Info: Link coloring OFF on input line 9.
(/usr/share/texmf-texlive/tex/latex/hyperref/nameref.sty
Package: nameref 2007/05/29 v2.31 Cross-referencing by name of section

(/usr/share/texmf-texlive/tex/latex/oberdiek/refcount.sty
Package: refcount 2008/08/11 v3.1 Data extraction from references (HO)
)
\c@section@level=\count191
)
LaTeX Info: Redefining \ref on input line 9.
LaTeX Info: Redefining \pageref on input line 9.
\@outlinefile=\write5
\openout5 = `location.out'.

\AtBeginShipoutBox=\box46

Redoing nameref's sectioning
Redoing nameref's label
(/usr/share/texmf-texlive/tex/context/base/supp-pdf.mkii
[Loading MPS to PDF converter (version 2006.09.02).]
\scratchcounter=\count192
\scratchdimen=\dimen218
\scratchbox=\box47
\nofMPsegments=\count193
\nofMParguments=\count194
\everyMPshowfont=\toks50
\MPscratchCnt=\count195
\MPscratchDim=\dimen219
\MPnumerator=\count196
\everyMPtoPDFconversion=\toks51
)
\c@lstlisting=\count197
 ABD: EveryShipout initializing macros
LaTeX Font Info:    Try loading font information for U+msa on input line 10.

(/usr/share/texmf-texlive/tex/latex/amsfonts/umsa.fd
File: umsa.fd 2009/06/22 v3.00 AMS symbols A
)
LaTeX Font Info:    Try loading font information for U+msb on input line 10.

(/usr/share/texmf-texlive/tex/latex/amsfonts/umsb.fd
File: umsb.fd 2009/06/22 v3.00 AMS symbols B
)

Package hyperref Warning: Difference (2) between bookmark levels is greater 
(hyperref)                than one, level fixed on input line 13.

[1

{/var/lib/texmf/fonts/map/pdftex/updmap/pdftex.map}] [2] [3]

Package hyperref Warning: Difference (2) between bookmark levels is greater 
(hyperref)                than one, level fixed on input line 121.


Overfull \hbox (10.74693pt too wide) in paragraph at lines 127--127
[]\OT1/cmtt/m/n/10 Business travelers who wish to visit the U.S. for a short pe
riod of
 []


Overfull \hbox (52.74657pt too wide) in paragraph at lines 127--127
\OT1/cmtt/m/n/10 time to conduct meetings,attend conferences,promote business d
evelopment,or
 []


Overfull \hbox (42.24666pt too wide) in paragraph at lines 127--127
\OT1/cmtt/m/n/10 engage in other similar activities,should apply for a B-1 visa
. Generally
 []


Overfull \hbox (15.99689pt too wide) in paragraph at lines 127--127
\OT1/cmtt/m/n/10 speaking,it is not permitted to work or seek employment while 
in the
 []


Overfull \hbox (5.49698pt too wide) in paragraph at lines 128--128
[]\OT1/cmtt/m/n/10 Most business visitors are usually given B1/B2 visas,allowin
g them
 []


Overfull \hbox (21.24684pt too wide) in paragraph at lines 128--128
\OT1/cmtt/m/n/10 to enter the U.S. for either business or recreational purposes
. B1/B2
 []


Overfull \hbox (10.74693pt too wide) in paragraph at lines 128--128
\OT1/cmtt/m/n/10 visas may be issued with a validity of any length of time up t
o ten
 []


Overfull \hbox (10.74693pt too wide) in paragraph at lines 129--129
[]\OT1/cmtt/m/n/10 Typically,travelers entering on B1/B2 visas are permitted to
 remain
 []


Overfull \hbox (10.74693pt too wide) in paragraph at lines 129--129
\OT1/cmtt/m/n/10 in the U.S. for between three and six months. This decision is
 made
 []


Overfull \hbox (15.99689pt too wide) in paragraph at lines 133--133
[]\OT1/cmtt/m/n/10 # Invitation letter from the US counterpart / Company with w
hich you
 []


Overfull \hbox (0.24702pt too wide) in paragraph at lines 134--134
[]\OT1/cmtt/m/n/10 # Letter from your employer or company that is sending you t
o the
 []


Overfull \hbox (36.9967pt too wide) in paragraph at lines 135--135
[]\OT1/cmtt/m/n/10 # Exchanges of correspondence with U.S. purchasers,suppliers
 or contacts[] 
 []


Overfull \hbox (10.74693pt too wide) in paragraph at lines 136--136
[]\OT1/cmtt/m/n/10 # Recent contracts,bills of lading or other documentary evid
ence of
 []


Overfull \hbox (10.74693pt too wide) in paragraph at lines 137--137
[]\OT1/cmtt/m/n/10 # Any evidence of arrangements for lodging and appointments 
already
 []


Overfull \hbox (15.99689pt too wide) in paragraph at lines 140--140
[]\OT1/cmtt/m/n/10 # Bank transaction statements detailing all deposits and wit
hdrawals
 []


Overfull \hbox (42.24666pt too wide) in paragraph at lines 140--140
\OT1/cmtt/m/n/10 for the last six months. Include your personal and company acc
ounts,along
 []


Overfull \hbox (21.24684pt too wide) in paragraph at lines 140--140
\OT1/cmtt/m/n/10 with evidence that you have authority to draw on the company a
ccounts[] 
 []


Overfull \hbox (26.4968pt too wide) in paragraph at lines 142--142
[]\OT1/cmtt/m/n/10 Business and Tourist visa applicants are required to demonst
rate their
 []

[4]
Overfull \hbox (10.74693pt too wide) in paragraph at lines 145--145
[]\OT1/cmtt/m/n/10 The B-2 visa is for foreign nationals seeking to enter the U
.S. for
 []


Overfull \hbox (57.99652pt too wide) in paragraph at lines 145--145
\OT1/cmtt/m/n/10 a short time for the purposes of tourism,social visits,or othe
r recreational
 []


Overfull \hbox (26.4968pt too wide) in paragraph at lines 149--149
[]\OT1/cmtt/m/n/10 Business and Tourist visa applicants are required to demonst
rate their
 []


Overfull \hbox (57.99652pt too wide) in paragraph at lines 153--153
[]\OT1/cmtt/m/n/10 # Income tax statements and documents to show the assets of 
the applicant,if
 []


Overfull \hbox (0.24702pt too wide) in paragraph at lines 154--154
[]\OT1/cmtt/m/n/10 # A No Objection Certificate (NOC) or Letter and leave sanct
ioned
 []


Overfull \hbox (10.74693pt too wide) in paragraph at lines 154--154
\OT1/cmtt/m/n/10 letter if the applicant is in Government service or with any o
f the
 []


Overfull \hbox (0.24702pt too wide) in paragraph at lines 157--157
[]\OT1/cmtt/m/n/10 If you have a sponsor or are visiting family members in the 
U.S.:[] 
 []


Overfull \hbox (15.99689pt too wide) in paragraph at lines 158--158
[]\OT1/cmtt/m/n/10 # An Affidavit of Support,Form I-134 from the sponsor,and al
so their
 []


Overfull \hbox (5.49698pt too wide) in paragraph at lines 159--159
[]\OT1/cmtt/m/n/10 # Passport copy of the relative in the United States. Prefer
ably,a
 []


Overfull \hbox (0.24702pt too wide) in paragraph at lines 159--159
\OT1/cmtt/m/n/10 copy of the relative's Indian passport or any other document t
hat
 []


Overfull \hbox (10.74693pt too wide) in paragraph at lines 160--160
[]\OT1/cmtt/m/n/10 # Documents to show the sponsor's legal status in the United
 States[] 
 []

[5]
Overfull \hbox (10.74693pt too wide) in paragraph at lines 196--196
[]\OT1/cmtt/m/n/10 A temporary visitor for business or pleasure must establish 
that he
 []


Overfull \hbox (0.24702pt too wide) in paragraph at lines 197--197
[]\OT1/cmtt/m/n/10 # Has a residence abroad which he or she does not plan to ab
andon[] 
 []


Overfull \hbox (10.74693pt too wide) in paragraph at lines 200--200
[]\OT1/cmtt/m/n/10 # Has access to sufficient funds to cover the cost of the vi
sit and
 []


Overfull \hbox (5.49698pt too wide) in paragraph at lines 202--202
[]\OT1/cmtt/m/n/10 When planning to apply for a business/tourist visa to the U.
S.,ask
 []


Overfull \hbox (26.4968pt too wide) in paragraph at lines 204--204
[]\OT1/cmtt/m/n/10 # What evidence can I show to demonstrate that I will return
 to India?[] 
 []


Overfull \hbox (42.24666pt too wide) in paragraph at lines 214--214
[]\OT1/cmtt/m/n/10 This certificate is issued to students who have accepted the
 university's
 []


Overfull \hbox (15.99689pt too wide) in paragraph at lines 214--214
\OT1/cmtt/m/n/10 offer,have met English proficiency requirements and have shown
 proof
 []


Overfull \hbox (15.99689pt too wide) in paragraph at lines 217--217
[]\OT1/cmtt/m/n/10 The F1 visa is issued on the basis of I-20 certificate issue
d by the
 []


Overfull \hbox (10.74693pt too wide) in paragraph at lines 217--217
\OT1/cmtt/m/n/10 college. Dual intent is not allowed. no intent to abandon resi
dency
 []


Overfull \hbox (26.4968pt too wide) in paragraph at lines 220--220
[]\OT1/cmtt/m/n/10 immediate family members as well as their ages,occupations,r
esidences,[] 
 []

[6]
Overfull \hbox (10.74693pt too wide) in paragraph at lines 221--221
[]\OT1/cmtt/m/n/10 and standing in the community (an affidavit from a parent sh
ould be[] 
 []


Overfull \hbox (5.49698pt too wide) in paragraph at lines 223--223
[]\OT1/cmtt/m/n/10 Community connections -The students participation in his com
munity
 []


Overfull \hbox (10.74693pt too wide) in paragraph at lines 225--225
[]\OT1/cmtt/m/n/10 Financial ties -Ownership of assets (especially a home) in t
he home[] 
 []


Overfull \hbox (10.74693pt too wide) in paragraph at lines 227--227
[]\OT1/cmtt/m/n/10 Job prospects -present evidence to show likelihood of being 
offered
 []


Overfull \hbox (26.4968pt too wide) in paragraph at lines 228--228
[]\OT1/cmtt/m/n/10 good position upon returning home.  A letter from a potentia
l employer[] 
 []


Overfull \hbox (10.74693pt too wide) in paragraph at lines 229--229
[]\OT1/cmtt/m/n/10 may be helpful.  Also,be prepared to explain why the same ed
ucation
 []


Overfull \hbox (0.24702pt too wide) in paragraph at lines 231--231
[]\OT1/cmtt/m/n/10 In rare situations,the consul may request that the student p
ost a[] 
 []


Overfull \hbox (10.74693pt too wide) in paragraph at lines 232--232
[]\OT1/cmtt/m/n/10 Maintenance of Status and Departure Bond with the local INS 
office.[] 
 []


Overfull \hbox (5.49698pt too wide) in paragraph at lines 235--235
[]\OT1/cmtt/m/n/10 DOS Form DS-157,Supplemental Nonimmigrant Visa Application,f
or all
 []


Overfull \hbox (21.24684pt too wide) in paragraph at lines 236--236
[]\OT1/cmtt/m/n/10 DOS Form DS-158,Contact Information and Work History for Non
immigrant
 []


Overfull \hbox (21.24684pt too wide) in paragraph at lines 237--237
[]\OT1/cmtt/m/n/10 A copy of your passport which is valid for at least six mont
hs beyond
 []


Overfull \hbox (31.74675pt too wide) in paragraph at lines 238--238
[]\OT1/cmtt/m/n/10 Two identical color photographs showing full face without he
ad covering
 []


Overfull \hbox (10.74693pt too wide) in paragraph at lines 238--238
\OT1/cmtt/m/n/10 against a light background. You may wear a headdress if requir
ed by
 []


Overfull \hbox (31.74675pt too wide) in paragraph at lines 239--239
[]\OT1/cmtt/m/n/10 student is proficient in English or engaged in English langu
age courses
 []


Overfull \hbox (26.4968pt too wide) in paragraph at lines 241--241
[]\OT1/cmtt/m/n/10 Scores from standardized tests required by the educational i
nstitution
 []


Overfull \hbox (5.49698pt too wide) in paragraph at lines 242--242
[]\OT1/cmtt/m/n/10 demonstrate sufficient financial resources to study without 
having
 []


Overfull \hbox (26.4968pt too wide) in paragraph at lines 242--242
\OT1/cmtt/m/n/10 to work: school financial aid,personal and family funds and go
vernment
 []


Overfull \hbox (10.74693pt too wide) in paragraph at lines 242--242
\OT1/cmtt/m/n/10 assistance. [Anticipated earnings from employment during schoo
l may
 []


Overfull \hbox (10.74693pt too wide) in paragraph at lines 242--242
\OT1/cmtt/m/n/10 not be used.] if you or your sponsor is a salaried employee,yo
u may
 []


Overfull \hbox (42.24666pt too wide) in paragraph at lines 246--246
[]\OT1/cmtt/m/n/10 You may take a vacation at any point after an academic year 
is completed,
 []


Overfull \hbox (5.49698pt too wide) in paragraph at lines 246--246
\OT1/cmtt/m/n/10 but two vacation terms may not be taken consecutively and vaca
tion
 []


Overfull \hbox (10.74693pt too wide) in paragraph at lines 247--247
[]\OT1/cmtt/m/n/10 If you are simply changing majors,but pursuing the same degr
ee,  no
 []


Overfull \hbox (15.99689pt too wide) in paragraph at lines 247--247
\OT1/cmtt/m/n/10 notification to INS is required. Otherwise,obtain new I-20 AB 
within
 []


Overfull \hbox (5.49698pt too wide) in paragraph at lines 247--247
\OT1/cmtt/m/n/10 15 days of attendence. Foreign adviser attests,sends original 
copy
 []

[7]
Overfull \hbox (15.99689pt too wide) in paragraph at lines 248--248
[]\OT1/cmtt/m/n/10 Any F-1 who is maintaining status may work on the schools ca
mpus for
 []


Overfull \hbox (36.9967pt too wide) in paragraph at lines 248--248
\OT1/cmtt/m/n/10 up to 20 hours/week during school and full-time during breaks.
 On-campus
 []


Overfull \hbox (36.9967pt too wide) in paragraph at lines 248--248
\OT1/cmtt/m/n/10 employment may not displace US workers,but no proof of this is
 required.[] 
 []


Overfull \hbox (0.24702pt too wide) in paragraph at lines 249--249
[]\OT1/cmtt/m/n/10 For graduate students,on-campus employment includes employme
nt by
 []


Overfull \hbox (26.4968pt too wide) in paragraph at lines 249--249
\OT1/cmtt/m/n/10 employers off-campus which have an educational affiliation or 
research
 []


Overfull \hbox (15.99689pt too wide) in paragraph at lines 250--250
[]\OT1/cmtt/m/n/10 Off campus employment is still available in cases of severe 
economic
 []


Overfull \hbox (36.9967pt too wide) in paragraph at lines 251--251
[]\OT1/cmtt/m/n/10 Employment authorization may be available under the curricul
ar practical
 []


Overfull \hbox (31.74675pt too wide) in paragraph at lines 251--251
\OT1/cmtt/m/n/10 training program if the proposed employment is an integral or 
important
 []


Overfull \hbox (84.24629pt too wide) in paragraph at lines 251--251
\OT1/cmtt/m/n/10 part of curriculum. Where employment is required for a graduat
e degree,employment
 []


Overfull \hbox (15.99689pt too wide) in paragraph at lines 251--251
\OT1/cmtt/m/n/10 may begin right away. To apply,the foreign student adviser wil
l mark
 []


Overfull \hbox (21.24684pt too wide) in paragraph at lines 251--251
\OT1/cmtt/m/n/10 on the back of the students copy of the I-20AB whether the aut
horized
 []


Overfull \hbox (10.74693pt too wide) in paragraph at lines 251--251
\OT1/cmtt/m/n/10 work is full or part time. The student then applies directly t
o the
 []


Overfull \hbox (5.49698pt too wide) in paragraph at lines 251--251
\OT1/cmtt/m/n/10 local INS office for an employment authorization document (EAD
) by
 []


Overfull \hbox (68.49643pt too wide) in paragraph at lines 251--251
\OT1/cmtt/m/n/10 filing    Form I765 with fee and Form I-538. You may apply for
 post-graduation
 []


Overfull \hbox (21.24684pt too wide) in paragraph at lines 251--251
\OT1/cmtt/m/n/10 practical training as early as 90 days prior to completion or 
30 days
 []


Overfull \hbox (42.24666pt too wide) in paragraph at lines 252--252
[]\OT1/cmtt/m/n/10 Pre-graduation and    post-graduation training periods are a
dded together
 []


Overfull \hbox (10.74693pt too wide) in paragraph at lines 252--252
\OT1/cmtt/m/n/10 to determine if 12 months are exceeded. The training must be i
n the
 []


Overfull \hbox (21.24684pt too wide) in paragraph at lines 252--252
\OT1/cmtt/m/n/10 students educational field. Pre-graduation practical training 
is part
 []


Overfull \hbox (5.49698pt too wide) in paragraph at lines 253--253
[]\OT1/cmtt/m/n/10 You may enter the U.S. on US student visa up to 90 days befo
re the
 []


Overfull \hbox (0.24702pt too wide) in paragraph at lines 253--253
\OT1/cmtt/m/n/10 designated registration date on the Form I-20AB,and remain in 
the
 []


Overfull \hbox (0.24702pt too wide) in paragraph at lines 257--257
[]\OT1/cmtt/m/n/10 Foreign students are permitted to stay in the U.S. for the e
ntire
 []


Overfull \hbox (5.49698pt too wide) in paragraph at lines 257--257
\OT1/cmtt/m/n/10 period of enrollment + any period of authorized practical trai
ning
 []


Overfull \hbox (10.74693pt too wide) in paragraph at lines 257--257
\OT1/cmtt/m/n/10 + 60-day grace period to depart USA [The whole period is   nor
mally
 []


Overfull \hbox (21.24684pt too wide) in paragraph at lines 257--257
\OT1/cmtt/m/n/10 referred to as duration of status and is noted on the I-94 as 
  D/S.][] 
 []


Overfull \hbox (5.49698pt too wide) in paragraph at lines 258--258
[]\OT1/cmtt/m/n/10 Students may be permitted to pursue part-time study if the f
oreign
 []


Overfull \hbox (15.99689pt too wide) in paragraph at lines 258--258
\OT1/cmtt/m/n/10 student advisor recommends this for academic reasons. Graduate
 level
 []


Overfull \hbox (36.9967pt too wide) in paragraph at lines 259--259
[]\OT1/cmtt/m/n/10 eligibility for post-completion practical training is lost i
f curricular
 []


Overfull \hbox (5.49698pt too wide) in paragraph at lines 260--260
[]\OT1/cmtt/m/n/10 A dependent spouse and children (under age 21) are eligible 
for an
 []


Overfull \hbox (5.49698pt too wide) in paragraph at lines 260--260
\OT1/cmtt/m/n/10 F-2 visa. F-2s may study on a full time or part time basis,but
 may
 []


Overfull \hbox (0.24702pt too wide) in paragraph at lines 263--263
[]\OT1/cmtt/m/n/10 if I am unable to complete my program by the time indicated 
on my
 []


Overfull \hbox (10.74693pt too wide) in paragraph at lines 264--264
[]\OT1/cmtt/m/n/10 You must apply to your foreign student advisor for an F-1 ex
tension
 []


Overfull \hbox (42.24666pt too wide) in paragraph at lines 264--264
\OT1/cmtt/m/n/10 within  30 days preceding the expiration of your I-20AB. You a
re eligible
 []


Overfull \hbox (52.74657pt too wide) in paragraph at lines 264--264
\OT1/cmtt/m/n/10 for an   extension if 1) your application is timely; 2) you ha
ve maintained
 []


Overfull \hbox (15.99689pt too wide) in paragraph at lines 264--264
\OT1/cmtt/m/n/10 your   status without violation; and 3) you can demonstrate th
at the
 []


Overfull \hbox (42.24666pt too wide) in paragraph at lines 264--264
\OT1/cmtt/m/n/10 need for an   extension is due to compelling medical or academ
ic reasons.[] 
 []

[8]
Overfull \hbox (0.24702pt too wide) in paragraph at lines 265--265
[]\OT1/cmtt/m/n/10 if I am out of status on my F-1 : departure and re-entering 
using
 []


Overfull \hbox (31.74675pt too wide) in paragraph at lines 265--265
\OT1/cmtt/m/n/10 a valid F-1 visa and Form I-20 (student copy) validated by you
r foreign
 []


Overfull \hbox (5.49698pt too wide) in paragraph at lines 271--271
[]\OT1/cmtt/m/n/10 deliver it to the foreign student officer at the new school 
within
 []


Overfull \hbox (5.49698pt too wide) in paragraph at lines 272--272
[]\OT1/cmtt/m/n/10 The foreign student officer will endorse the transfer on you
r I-20
 []


Overfull \hbox (10.74693pt too wide) in paragraph at lines 273--273
[]\OT1/cmtt/m/n/10 The foreign student officer then sends the original I-20 to 
the INS
 []


Overfull \hbox (0.24702pt too wide) in paragraph at lines 275--275
[]\OT1/cmtt/m/n/10 Dual intent is a United States immigration law concept. It r
efers
 []


Overfull \hbox (5.49698pt too wide) in paragraph at lines 275--275
\OT1/cmtt/m/n/10 to the concept that certain visitors may be temporarily presen
t in
 []


Overfull \hbox (21.24684pt too wide) in paragraph at lines 275--275
\OT1/cmtt/m/n/10 the USA while acting in a manner that later leads to obtaining
 lawful
 []


Overfull \hbox (26.4968pt too wide) in paragraph at lines 276--276
[]\OT1/cmtt/m/n/10 Persons with H-1B visas (for specialty workers),O-1 visas (f
or workers
 []


Overfull \hbox (36.9967pt too wide) in paragraph at lines 276--276
\OT1/cmtt/m/n/10 who have extraordinary ability),L-1 visas (for corporate trans
ferrees),K
 []


Overfull \hbox (5.49698pt too wide) in paragraph at lines 276--276
\OT1/cmtt/m/n/10 visas (for fiancees/spouses/minor children of U.S. citizens) a
nd V
 []


Overfull \hbox (15.99689pt too wide) in paragraph at lines 276--276
\OT1/cmtt/m/n/10 visas (for spouses/minor children of lawful permanent resident
s) are
 []


Overfull \hbox (5.49698pt too wide) in paragraph at lines 277--277
[]\OT1/cmtt/m/n/10 The rule states that someone who acts in a manner to change 
status
 []


Overfull \hbox (10.74693pt too wide) in paragraph at lines 277--277
\OT1/cmtt/m/n/10 within 30 days is presumed to have had immigrant intent and if
 they
 []


Overfull \hbox (15.99689pt too wide) in paragraph at lines 277--277
\OT1/cmtt/m/n/10 act within 60 days of entry the authorities can be suspicious 
of the
 []


Overfull \hbox (31.74675pt too wide) in paragraph at lines 290--290
[]\OT1/cmtt/m/n/10 The O-1 classification is a type of employment visa under Un
ited States
 []


Overfull \hbox (21.24684pt too wide) in paragraph at lines 290--290
\OT1/cmtt/m/n/10 immigration law that applies to aliens who have extraordinary 
ability
 []


Overfull \hbox (10.74693pt too wide) in paragraph at lines 290--290
\OT1/cmtt/m/n/10 in the sciences,arts,education,business,or athletics which has
 been
 []


Overfull \hbox (10.74693pt too wide) in paragraph at lines 290--290
\OT1/cmtt/m/n/10 demonstrated by sustained national or international acclaim an
d who
 []


Overfull \hbox (5.49698pt too wide) in paragraph at lines 290--290
\OT1/cmtt/m/n/10 are coming temporarily to the U.S. to continue work in the are
a of
 []

[9]
Overfull \hbox (42.24666pt too wide) in paragraph at lines 296--296
[]\OT1/cmtt/m/n/10 The H-1B is a non-immigrant visa category provided for in th
e Immigration
 []


Overfull \hbox (26.4968pt too wide) in paragraph at lines 296--296
\OT1/cmtt/m/n/10 & Nationality Act,section 101(a)(15)(H) that allows American c
ompanies
 []


Overfull \hbox (10.74693pt too wide) in paragraph at lines 296--296
\OT1/cmtt/m/n/10 and universities to temporarily employ foreign workers who hav
e the
 []

Missing character: There is no  in font cmtt10!
Missing character: There is no  in font cmtt10!
Missing character: There is no  in font cmtt10!

Overfull \hbox (21.24684pt too wide) in paragraph at lines 297--297
[]\OT1/cmtt/m/n/10 A specialty occupation is one that requires theoretical and 
practical
 []


Overfull \hbox (5.49698pt too wide) in paragraph at lines 297--297
\OT1/cmtt/m/n/10 application of a body of specialized knowledge along with at l
east
 []


Overfull \hbox (157.74565pt too wide) in paragraph at lines 297--297
\OT1/cmtt/m/n/10 a bachelors degree or its equivalent. For example,architecture
,engineering,mathematics,physical
 []


Overfull \hbox (199.74529pt too wide) in paragraph at lines 297--297
\OT1/cmtt/m/n/10 sciences,social sciences,medicine and health,education,busines
s specialties,accounting,law,theology,and
 []


Overfull \hbox (10.74693pt too wide) in paragraph at lines 298--298
[]\OT1/cmtt/m/n/10 For every H-1B petition filed with the USCIS,there must be i
ncluded
 []


Overfull \hbox (15.99689pt too wide) in paragraph at lines 298--298
\OT1/cmtt/m/n/10 a Labor Condition Application (LCA) certified by the U.S. Depa
rtment
 []


Overfull \hbox (15.99689pt too wide) in paragraph at lines 298--298
\OT1/cmtt/m/n/10 of Labor. The LCA is designed to ensure that the wage offered 
to the
 []


Overfull \hbox (10.74693pt too wide) in paragraph at lines 298--298
\OT1/cmtt/m/n/10 non-immigrant worker must meet or exceed the prevailing wage i
n the
 []


Overfull \hbox (5.49698pt too wide) in paragraph at lines 298--298
\OT1/cmtt/m/n/10 area of employment. With PERM,labor certification processing t
imes
 []


Overfull \hbox (15.99689pt too wide) in paragraph at lines 301--301
[]\OT1/cmtt/m/n/10 H-1B workers are legally required to pay the same taxes as a
ny other
 []


Overfull \hbox (0.24702pt too wide) in paragraph at lines 301--301
\OT1/cmtt/m/n/10 US resident,including Social Security and Medicare.[2] Any per
son
 []


Overfull \hbox (10.74693pt too wide) in paragraph at lines 301--301
\OT1/cmtt/m/n/10 who spends more than 183 days in the US in a calendar year is 
a tax
 []


Overfull \hbox (10.74693pt too wide) in paragraph at lines 301--301
\OT1/cmtt/m/n/10 resident and is required to pay US taxes on their worldwide in
come.
 []


Overfull \hbox (15.99689pt too wide) in paragraph at lines 301--301
\OT1/cmtt/m/n/10 H-1B workers pay higher taxes than a US citizen because they a
re not
 []


Overfull \hbox (36.9967pt too wide) in paragraph at lines 304--304
[]\OT1/cmtt/m/n/10 The number of new H-1Bs issued each year in the United State
s is subject
 []


Overfull \hbox (15.99689pt too wide) in paragraph at lines 304--304
\OT1/cmtt/m/n/10 to an annual congressionally-mandated quota. Those beneficiari
es not
 []


Overfull \hbox (15.99689pt too wide) in paragraph at lines 304--304
\OT1/cmtt/m/n/10 subject to the annual quota are those who currently hold H-1B 
status
 []


Overfull \hbox (21.24684pt too wide) in paragraph at lines 304--304
\OT1/cmtt/m/n/10 or have held H-1B status at some point in the past six years a
nd have
 []


Overfull \hbox (26.4968pt too wide) in paragraph at lines 304--304
\OT1/cmtt/m/n/10 not been outside the United States for more than 365 consecuti
ve days.
 []


Overfull \hbox (26.4968pt too wide) in paragraph at lines 304--304
\OT1/cmtt/m/n/10 In 2000,Congress permanently exempted H-1B visas going to Univ
ersities
 []


Overfull \hbox (15.99689pt too wide) in paragraph at lines 304--304
\OT1/cmtt/m/n/10 and Government Research Laboratories from the quota. (Nota Ben
e) The
 []


Overfull \hbox (5.49698pt too wide) in paragraph at lines 304--304
\OT1/cmtt/m/n/10 basic quota was left at 65,000 but with an additional 20,000 v
isas
 []


Overfull \hbox (21.24684pt too wide) in paragraph at lines 304--304
\OT1/cmtt/m/n/10 possible for foreign workers with US advanced degrees. A tiny 
country
 []


Overfull \hbox (0.24702pt too wide) in paragraph at lines 304--304
\OT1/cmtt/m/n/10 like Barbados has the same quota as India or China. Dependents
 of
 []


Overfull \hbox (21.24684pt too wide) in paragraph at lines 304--304
\OT1/cmtt/m/n/10 employment-based applicants count against the annual,per-count
ry visa
 []


Overfull \hbox (15.99689pt too wide) in paragraph at lines 305--305
[]\OT1/cmtt/m/n/10 H-1B aliens may only work for the petitioning U.S. employer 
and only
 []

[10]
Overfull \hbox (0.24702pt too wide) in paragraph at lines 306--306
[]\OT1/cmtt/m/n/10 In the instance that the applicant loses his/her job they ha
ve to
 []


Overfull \hbox (26.4968pt too wide) in paragraph at lines 307--307
[]\OT1/cmtt/m/n/10 Some recent state regulations prohibit H-4 visa holders from
 obtaining
 []


Overfull \hbox (0.24702pt too wide) in paragraph at lines 307--307
\OT1/cmtt/m/n/10 a driver's license in cases where driver's licenses are no lon
ger
 []


Overfull \hbox (15.99689pt too wide) in paragraph at lines 307--307
\OT1/cmtt/m/n/10 being issued on Individual Taxpayer Identification Numbers alo
ne and
 []


Overfull \hbox (0.24702pt too wide) in paragraph at lines 308--308
[]\OT1/cmtt/m/n/10 In theory,the maximum duration of the H-1B visa is six years
 (ten
 []


Overfull \hbox (21.24684pt too wide) in paragraph at lines 309--309
[]\OT1/cmtt/m/n/10 There are generally two exceptions to the 6 year duration of
 the H-1B
 []


Overfull \hbox (21.24684pt too wide) in paragraph at lines 310--310
[]\OT1/cmtt/m/n/10 If a visa holder has submitted an I-140 immigrant petition o
r a labor
 []


Overfull \hbox (5.49698pt too wide) in paragraph at lines 310--310
\OT1/cmtt/m/n/10 certification prior to his 5th year anniversary of having the 
H-1B
 []


Overfull \hbox (21.24684pt too wide) in paragraph at lines 310--310
\OT1/cmtt/m/n/10 visa,he is entitled to renew his H-1B visa in 1 year increment
s until
 []


Overfull \hbox (36.9967pt too wide) in paragraph at lines 310--310
\OT1/cmtt/m/n/10 a decision has been rendered on his application for permanent 
residence.[] 
 []


Overfull \hbox (5.49698pt too wide) in paragraph at lines 311--311
[]\OT1/cmtt/m/n/10 If the visa holder has an approved I-140 immigrant petition,
but is
 []


Overfull \hbox (5.49698pt too wide) in paragraph at lines 311--311
\OT1/cmtt/m/n/10 unable to initiate the final step of the green card process du
e to
 []


Overfull \hbox (5.49698pt too wide) in paragraph at lines 311--311
\OT1/cmtt/m/n/10 his priority date not being current,he may be entitled to a 3 
year
 []


Overfull \hbox (21.24684pt too wide) in paragraph at lines 314--314
[]\OT1/cmtt/m/n/10 H-1B visa holders are allowed to bring their immediate famil
y members
 []


Overfull \hbox (0.24702pt too wide) in paragraph at lines 314--314
\OT1/cmtt/m/n/10 (spouse and children under 21) to the United States under H4 V
isa
 []


Overfull \hbox (0.24702pt too wide) in paragraph at lines 314--314
\OT1/cmtt/m/n/10 category as dependents. A H4 Visa holder may attend school,obt
ain
 []


Overfull \hbox (15.99689pt too wide) in paragraph at lines 319--319
[]\OT1/cmtt/m/n/10 It is a nonimmigrant visa,and is valid for a relatively shor
t amount
 []


Overfull \hbox (5.49698pt too wide) in paragraph at lines 319--319
\OT1/cmtt/m/n/10 of time -generally two years. L-1 visas are available to emplo
yees
 []


Overfull \hbox (10.74693pt too wide) in paragraph at lines 319--319
\OT1/cmtt/m/n/10 of an international company with offices in both a home countr
y and
 []


Overfull \hbox (15.99689pt too wide) in paragraph at lines 319--319
\OT1/cmtt/m/n/10 the United States,or which intend to open a new office in the 
United
 []


Overfull \hbox (21.24684pt too wide) in paragraph at lines 320--320
[]\OT1/cmtt/m/n/10 Application for an L-1 visa begins with the filing of a peti
tion with
 []


Overfull \hbox (0.24702pt too wide) in paragraph at lines 320--320
\OT1/cmtt/m/n/10 the U.S. Citizenship & Immigration Services (USCIS) on Form I-
129[] 
 []


Overfull \hbox (36.9967pt too wide) in paragraph at lines 321--321
[]\OT1/cmtt/m/n/10 The L-1 visa has two subcategories: L-1A for executives and 
managers,and
 []


Overfull \hbox (0.24702pt too wide) in paragraph at lines 321--321
\OT1/cmtt/m/n/10 L-1B for workers with specialized knowledge. L-1A status is va
lid
 []


Overfull \hbox (26.4968pt too wide) in paragraph at lines 324--324
[]\OT1/cmtt/m/n/10 After the expiration of the seven or five years,respectively
,the alien
 []


Overfull \hbox (10.74693pt too wide) in paragraph at lines 326--326
[]\OT1/cmtt/m/n/10 * Regular L-1 visas,which must be applied for and approved f
or each
 []


Overfull \hbox (15.99689pt too wide) in paragraph at lines 326--326
\OT1/cmtt/m/n/10 individual by the U.S. Citizenship and Immigration Services (U
SCIS);
 []

[11]
Overfull \hbox (10.74693pt too wide) in paragraph at lines 327--327
[]\OT1/cmtt/m/n/10 * Blanket L-1 visas which are available to employers who hir
e large
 []


Overfull \hbox (5.49698pt too wide) in paragraph at lines 328--328
[]\OT1/cmtt/m/n/10 For Canadian residents,a special L visa category is availabl
e. E-3
 []


Overfull \hbox (36.9967pt too wide) in paragraph at lines 328--328
\OT1/cmtt/m/n/10 visas are issued to citizens of Australia under the Australia 
free-trade
 []


Overfull \hbox (5.49698pt too wide) in paragraph at lines 328--328
\OT1/cmtt/m/n/10 treaty. H-1B1 visas are issued to residents of Chile and Singa
pore
 []


Overfull \hbox (26.4968pt too wide) in paragraph at lines 332--332
[]\OT1/cmtt/m/n/10 Spouses of L-1 visa holders are allowed to work,without rest
riction,in
 []


Overfull \hbox (0.24702pt too wide) in paragraph at lines 332--332
\OT1/cmtt/m/n/10 the US,and the L-1 visa may legally be used as a steppingstone
 to
 []


Overfull \hbox (15.99689pt too wide) in paragraph at lines 333--333
[]\OT1/cmtt/m/n/10 Upon application at the consulate or embassy,the spouse and 
children
 []


Overfull \hbox (5.49698pt too wide) in paragraph at lines 333--333
\OT1/cmtt/m/n/10 of the primary applicant who are under the age of 21 may be is
sued
 []

Missing character: There is no  in font cmtt10!
Missing character: There is no  in font cmtt10!
Missing character: There is no  in font cmtt10!
Missing character: There is no  in font cmtt10!
Missing character: There is no  in font cmtt10!
Missing character: There is no  in font cmtt10!

Overfull \hbox (5.49698pt too wide) in paragraph at lines 338--338
[]\OT1/cmtt/m/n/10 A K-1 visa is a United States nonimmigrant visa benefitting 
fiancs
 []


Overfull \hbox (15.99689pt too wide) in paragraph at lines 339--339
[]\OT1/cmtt/m/n/10 The Embassy will contact the fiancee and schedule an intervi
ew date.
 []


Overfull \hbox (10.74693pt too wide) in paragraph at lines 339--339
\OT1/cmtt/m/n/10 In the meantime,the fiancee has to have a medical examination 
at an
 []


Overfull \hbox (5.49698pt too wide) in paragraph at lines 339--339
\OT1/cmtt/m/n/10 approved clinic,to screen for certain infectious diseases like
 HIV
 []


Overfull \hbox (47.49661pt too wide) in paragraph at lines 339--339
\OT1/cmtt/m/n/10 and TB. The Embassy staff will question the fiancee and ask fo
r additional
 []

Missing character: There is no  in font cmtt10!
Missing character: There is no  in font cmtt10!
Missing character: There is no  in font cmtt10!

Overfull \hbox (5.49698pt too wide) in paragraph at lines 340--340
[]\OT1/cmtt/m/n/10 The fianc(e) then has six months to enter the US,and 90 days
 after
 []


Overfull \hbox (10.74693pt too wide) in paragraph at lines 343--343
[]\OT1/cmtt/m/n/10 The average wait from initial filing to a Consular interview
 is 181
 []


Overfull \hbox (15.99689pt too wide) in paragraph at lines 344--344
[]\OT1/cmtt/m/n/10 K1 visa may not be issued to a recent student visitor (to di
scourage
 []


Overfull \hbox (36.9967pt too wide) in paragraph at lines 344--344
\OT1/cmtt/m/n/10 foreigners being students merely for the purpose of meeting US
 spouses).[] 
 []


Overfull \hbox (31.74675pt too wide) in paragraph at lines 351--351
[]\OT1/cmtt/m/n/10 In the first step,USCIS approves the immigrant petition by a
 qualifying
 []


Overfull \hbox (31.74675pt too wide) in paragraph at lines 351--351
\OT1/cmtt/m/n/10 relative,an employer,or in rare cases such as with an investor
 visa,the
 []


Overfull \hbox (0.24702pt too wide) in paragraph at lines 351--351
\OT1/cmtt/m/n/10 applicant. If a sibling is applying,it must be a nuclear relat
ive
 []


Overfull \hbox (10.74693pt too wide) in paragraph at lines 351--351
\OT1/cmtt/m/n/10 with the same parents as the applicant. Second,unless the appl
icant
 []


Overfull \hbox (21.24684pt too wide) in paragraph at lines 351--351
\OT1/cmtt/m/n/10 is an "immediate relative",an immigrant visa number through th
e State
 []


Overfull \hbox (5.49698pt too wide) in paragraph at lines 351--351
\OT1/cmtt/m/n/10 Department must be available. This number might not be immedia
tely
 []


Overfull \hbox (15.99689pt too wide) in paragraph at lines 351--351
\OT1/cmtt/m/n/10 available even if the USCIS approves the petition because the 
amount
 []


Overfull \hbox (31.74675pt too wide) in paragraph at lines 351--351
\OT1/cmtt/m/n/10 of immigrant visa numbers is limited every year. There are als
o certain
 []


Overfull \hbox (0.24702pt too wide) in paragraph at lines 351--351
\OT1/cmtt/m/n/10 additional limitations by country. Finally,when an immigrant v
isa
 []


Overfull \hbox (0.24702pt too wide) in paragraph at lines 351--351
\OT1/cmtt/m/n/10 number is available,the applicant must apply with USCIS to adj
ust
 []

[12]
Overfull \hbox (36.9967pt too wide) in paragraph at lines 354--354
[]\OT1/cmtt/m/n/10 IR Immediate relative (spouses,minor children & parents) of 
US citizens.
 []


Overfull \hbox (26.4968pt too wide) in paragraph at lines 355--355
[]\OT1/cmtt/m/n/10 Unmarried sons and daughters (21 years of age or older) of U
S citizens
 []


Overfull \hbox (5.49698pt too wide) in paragraph at lines 356--356
[]\OT1/cmtt/m/n/10 Spouses and minor children (under 21 year old) of lawful per
manent
 []


Overfull \hbox (0.24702pt too wide) in paragraph at lines 357--357
[]\OT1/cmtt/m/n/10 Unmarried sons and daughters (21 years of age or older) of l
awful
 []


Overfull \hbox (26.4968pt too wide) in paragraph at lines 361--361
[]\OT1/cmtt/m/n/10 After marrying,an "Adjustment of Status" (using a USCIS form
 I-485[2])
 []


Overfull \hbox (21.24684pt too wide) in paragraph at lines 361--361
\OT1/cmtt/m/n/10 must be filed that will convert the K1 fiancee and K2 children
 status
 []


Overfull \hbox (15.99689pt too wide) in paragraph at lines 362--362
[]\OT1/cmtt/m/n/10 The Conditional Permanent Resident Card can be converted jus
t before
 []


Overfull \hbox (10.74693pt too wide) in paragraph at lines 362--362
\OT1/cmtt/m/n/10 the two year anniversy of the issuance of the conditional Gree
ncard
 []


Overfull \hbox (10.74693pt too wide) in paragraph at lines 362--362
\OT1/cmtt/m/n/10 to unconditional status by making another application and atte
nding
 []


Overfull \hbox (15.99689pt too wide) in paragraph at lines 362--362
\OT1/cmtt/m/n/10 a second Interview. If however,the couple has split up and a h
istory
 []


Overfull \hbox (0.24702pt too wide) in paragraph at lines 362--362
\OT1/cmtt/m/n/10 of spousal abuse can be documented to the USCIS,the fiancee al
one
 []


Overfull \hbox (31.74675pt too wide) in paragraph at lines 362--362
\OT1/cmtt/m/n/10 can apply for the uncoditional status if it can be shown the s
eparation
 []


Overfull \hbox (162.9956pt too wide) in paragraph at lines 365--365
[]\OT1/cmtt/m/n/10 EB1 Priority workers --persons with extraordinary ability in
 sciences,arts,education,business,or
 []


Overfull \hbox (42.24666pt too wide) in paragraph at lines 365--365
\OT1/cmtt/m/n/10 athletics,or outstanding professors and researchers [40,000   
  Currently
 []


Overfull \hbox (15.99689pt too wide) in paragraph at lines 366--366
[]\OT1/cmtt/m/n/10 EB2 Professionals holding advanced degrees (Ph.D.,master's d
egree,or
 []


Overfull \hbox (0.24702pt too wide) in paragraph at lines 366--366
\OT1/cmtt/m/n/10 at least 5 years of progressive post-baccalaureate experience)
 or
 []


Overfull \hbox (5.49698pt too wide) in paragraph at lines 366--366
\OT1/cmtt/m/n/10 persons of exceptional ability in sciences,arts,or business[40
,000
 []


Overfull \hbox (21.24684pt too wide) in paragraph at lines 366--366
\OT1/cmtt/m/n/10 Currently available] Zhendong Lu used this route to get a gree
n card.[] 
 []


Overfull \hbox (10.74693pt too wide) in paragraph at lines 367--367
[]\OT1/cmtt/m/n/10 EB3 Skilled workers,professionals,and other workers [40,000 
    4-5
 []


Overfull \hbox (10.74693pt too wide) in paragraph at lines 368--368
[]\OT1/cmtt/m/n/10 Certain special immigrants --ministers,religious workers,cur
rent or
 []


Overfull \hbox (5.49698pt too wide) in paragraph at lines 368--368
\OT1/cmtt/m/n/10 former US government workers,etc. [10,000     Currently availa
ble][] 
 []

[13]
Overfull \hbox (0.24702pt too wide) in paragraph at lines 371--371
[]\OT1/cmtt/m/n/10 The employer must legally 'prove'that it has a need to hire 
for a
 []


Overfull \hbox (0.24702pt too wide) in paragraph at lines 371--371
\OT1/cmtt/m/n/10 specific position and that there are no qualified U.S. citizen
 or
 []


Overfull \hbox (21.24684pt too wide) in paragraph at lines 371--371
\OT1/cmtt/m/n/10 lawful permanent resident available to fill that position. For
 highly
 []


Overfull \hbox (15.99689pt too wide) in paragraph at lines 371--371
\OT1/cmtt/m/n/10 skilled foreign nationals (EB1 and EB2 National Interest Waive
r) and
 []


Overfull \hbox (10.74693pt too wide) in paragraph at lines 371--371
\OT1/cmtt/m/n/10 "Schedule A" labor[4] (nurses and physical therapists),this st
ep is
 []


Overfull \hbox (10.74693pt too wide) in paragraph at lines 372--372
[]\OT1/cmtt/m/n/10 Immigrant visa petition. The employer applies on the alien's
 behalf
 []


Overfull \hbox (0.24702pt too wide) in paragraph at lines 372--372
\OT1/cmtt/m/n/10 to obtain a visa number. The application is called the I-140 f
orm
 []


Overfull \hbox (0.24702pt too wide) in paragraph at lines 372--372
\OT1/cmtt/m/n/10 and is processed by the USCIS. Currently,this process takes up
 to
 []


Overfull \hbox (15.99689pt too wide) in paragraph at lines 373--373
[]\OT1/cmtt/m/n/10 After the labor certification,the alien has a choice to fina
lize the
 []


Overfull \hbox (42.24666pt too wide) in paragraph at lines 374--374
[]\OT1/cmtt/m/n/10 After the process is complete,the alien is expected to take 
the certified
 []


Overfull \hbox (36.9967pt too wide) in paragraph at lines 374--374
\OT1/cmtt/m/n/10 job offered by the employer to substantiate his or her immigra
nt status.[] 
 []


Overfull \hbox (10.74693pt too wide) in paragraph at lines 387--387
[]\OT1/cmtt/m/n/10 1. Both their parents were U.S. citizens at the time of thei
r birth[] 
 []


Overfull \hbox (0.24702pt too wide) in paragraph at lines 388--388
[]\OT1/cmtt/m/n/10 2. At least one of their parents lived in the United States 
prior
 []


Overfull \hbox (5.49698pt too wide) in paragraph at lines 391--391
[]\OT1/cmtt/m/n/10 1. One of his or her parents was a U.S. citizen at the time 
of the
 []


Overfull \hbox (0.24702pt too wide) in paragraph at lines 392--392
[]\OT1/cmtt/m/n/10 2. The citizen parent lived at least 5 years in the United S
tates
 []


Overfull \hbox (5.49698pt too wide) in paragraph at lines 393--393
[]\OT1/cmtt/m/n/10 3. At least 2 of these 5 years in the United States were aft
er the
 []


Overfull \hbox (15.99689pt too wide) in paragraph at lines 397--397
[]\OT1/cmtt/m/n/10 have had a status of a legal permanent resident in the Unite
d States
 []


Overfull \hbox (0.24702pt too wide) in paragraph at lines 398--398
[]\OT1/cmtt/m/n/10 this requirement is reduced to three years less 90 days if t
hey :[] 
 []


Overfull \hbox (21.24684pt too wide) in paragraph at lines 400--400
[]\OT1/cmtt/m/n/10 (b) have been married to and living with a citizen for the p
ast three
 []

[14]
Overfull \hbox (10.74693pt too wide) in paragraph at lines 401--401
[]\OT1/cmtt/m/n/10 They must have been physically present for at least 30 month
s of 60
 []


Overfull \hbox (36.9967pt too wide) in paragraph at lines 402--402
[]\OT1/cmtt/m/n/10 if the legal permanent resident was outside of the U.S. for 
a continuous
 []


Overfull \hbox (5.49698pt too wide) in paragraph at lines 402--402
\OT1/cmtt/m/n/10 period of 6 months or more they are disqualified from naturali
zing
 []


Overfull \hbox (0.24702pt too wide) in paragraph at lines 405--405
[]\OT1/cmtt/m/n/10 Most applicants must also have a working knowledge of the En
glish
 []


Overfull \hbox (0.24702pt too wide) in paragraph at lines 405--405
\OT1/cmtt/m/n/10 language (there are exceptions for long-resident older applica
nts
 []


Overfull \hbox (0.24702pt too wide) in paragraph at lines 406--406
[]\OT1/cmtt/m/n/10 Also,you have to be a   resident for 3 months in the state o
r INS
 []


Overfull \hbox (21.24684pt too wide) in paragraph at lines 411--411
[]\OT1/cmtt/m/n/10 Citizens are also required to pay taxes on worldwide income,
including
 []


Overfull \hbox (31.74675pt too wide) in paragraph at lines 411--411
\OT1/cmtt/m/n/10 income earned while residing abroad but only beyond the first 
\$82,400.[] 
 []


Overfull \hbox (99.99615pt too wide) in paragraph at lines 412--412
[]\OT1/cmtt/m/n/10 U.S. citizens travel into and out of the United States on a 
U.S. passport,regardless
 []


Overfull \hbox (15.99689pt too wide) in paragraph at lines 413--413
[]\OT1/cmtt/m/n/10 Male U.S. citizens (including those living permanently abroa
d and/or
 []


Overfull \hbox (10.74693pt too wide) in paragraph at lines 413--413
\OT1/cmtt/m/n/10 with dual U.S./other citizenship) are required to register wit
h the
 []


Overfull \hbox (0.24702pt too wide) in paragraph at lines 413--413
\OT1/cmtt/m/n/10 Selective Service System at age 18 for possible conscription i
nto
 []


Overfull \hbox (0.24702pt too wide) in paragraph at lines 416--416
[]\OT1/cmtt/m/n/10 Naturalized U.S. citizens are not eligible to become Preside
nt of
 []


Overfull \hbox (5.49698pt too wide) in paragraph at lines 417--417
[]\OT1/cmtt/m/n/10 it is possible to be a U.S. national without being a U.S. ci
tizen.
 []


Overfull \hbox (0.24702pt too wide) in paragraph at lines 417--417
\OT1/cmtt/m/n/10 A person whose only connection to the U.S. is through birth in
 an
 []


Overfull \hbox (5.49698pt too wide) in paragraph at lines 417--417
\OT1/cmtt/m/n/10 outlying possession. Nationals who are not citizens cannot vot
e or
 []


Overfull \hbox (10.74693pt too wide) in paragraph at lines 417--417
\OT1/cmtt/m/n/10 hold elected office. However,they may reside and work in the U
nited
 []


Overfull \hbox (15.99689pt too wide) in paragraph at lines 417--417
\OT1/cmtt/m/n/10 States without restrictions and apply for citizenship under th
e same
 []


Overfull \hbox (21.24684pt too wide) in paragraph at lines 420--420
[]\OT1/cmtt/m/n/10 Loss of citizenship occurs only in those cases in which an i
ndividual
 []


Overfull \hbox (21.24684pt too wide) in paragraph at lines 420--420
\OT1/cmtt/m/n/10 engaged in conduct with an intention of abandoning their citiz
enship.
 []


Overfull \hbox (47.49661pt too wide) in paragraph at lines 420--420
\OT1/cmtt/m/n/10 it is now virtually impossible to lose one's citizenship witho
ut expressly
 []

[15]

Package hyperref Warning: Difference (2) between bookmark levels is greater 
(hyperref)                than one, level fixed on input line 424.


Overfull \hbox (0.24702pt too wide) in paragraph at lines 429--429
[]\OT1/cmtt/m/n/10 2. person's parents or grand parents or great grand parents 
where
 []


Overfull \hbox (26.4968pt too wide) in paragraph at lines 429--429
\OT1/cmtt/m/n/10 permanently resident in India,but not moved to Pakistan and Ba
ngladesh
 []


Overfull \hbox (26.4968pt too wide) in paragraph at lines 430--430
[]\OT1/cmtt/m/n/10 3. person is spouse of a citizen of India or a person of Ind
ian origin
 []


Overfull \hbox (89.49625pt too wide) in paragraph at lines 435--435
[]\OT1/cmtt/m/n/10 * enjoy benefits similar to NRIs except the acquisition of a
gricultural/plantation
 []

[16] (./location.aux) ) 
Here is how much of TeX's memory you used:
 18626 strings out of 493848
 317541 string characters out of 1152823
 415264 words of memory out of 3000000
 21526 multiletter control sequences out of 15000+50000
 11531 words of font info for 43 fonts, out of 3000000 for 9000
 714 hyphenation exceptions out of 8191
 64i,12n,55p,794b,431s stack positions out of 5000i,500n,10000p,200000b,50000s
</usr/share/texmf-texlive/fonts/type1/public/amsfonts/cm
/cmbx10.pfb></usr/share/texmf-texlive/fonts/type1/public/amsfonts/cm/cmbx12.pfb
></usr/share/texmf-texlive/fonts/type1/public/amsfonts/cm/cmr10.pfb></usr/share
/texmf-texlive/fonts/type1/public/amsfonts/cm/cmr12.pfb></usr/share/texmf-texli
ve/fonts/type1/public/amsfonts/cm/cmtt10.pfb>
Output written on location.pdf (16 pages, 124126 bytes).
PDF statistics:
 143 PDF objects out of 1000 (max. 8388607)
 52 named destinations out of 1000 (max. 500000)
 13 words of extra memory for PDF output out of 10000 (max. 10000000)

