\BOOKMARK [-1][-]{part.1}{Location strategy}{}
\BOOKMARK [0][-]{section.0.1}{parichaya}{part.1}
\BOOKMARK [1][-]{section.0.2}{bhArata}{section.0.1}
\BOOKMARK [2][-]{subsection.0.2.1}{Getting good jobs}{section.0.2}
\BOOKMARK [2][-]{subsection.0.2.2}{Standard of living}{section.0.2}
\BOOKMARK [2][-]{subsection.0.2.3}{Health problems}{section.0.2}
\BOOKMARK [1][-]{section.0.3}{USA}{section.0.1}
\BOOKMARK [2][-]{subsection.0.3.1}{Advantages}{section.0.3}
\BOOKMARK [2][-]{subsection.0.3.2}{Disadvantages}{section.0.3}
\BOOKMARK [2][-]{subsection.0.3.3}{Strategy}{section.0.3}
\BOOKMARK [1][-]{section.0.4}{UK}{section.0.1}
\BOOKMARK [2][-]{subsection.0.4.1}{Advantages}{section.0.4}
\BOOKMARK [2][-]{subsection.0.4.2}{Disadvantages}{section.0.4}
\BOOKMARK [1][-]{section.0.5}{Continental Europe}{section.0.1}
\BOOKMARK [2][-]{subsection.0.5.1}{Advantages}{section.0.5}
\BOOKMARK [2][-]{subsection.0.5.2}{Disadvantages}{section.0.5}
\BOOKMARK [2][-]{subsection.0.5.3}{Germany}{section.0.5}
\BOOKMARK [1][-]{section.0.6}{Canada}{section.0.1}
\BOOKMARK [2][-]{subsection.0.6.1}{Advantages}{section.0.6}
\BOOKMARK [2][-]{subsection.0.6.2}{Disadvantages}{section.0.6}
\BOOKMARK [1][-]{section.0.7}{Australia and New Zealand}{section.0.1}
\BOOKMARK [2][-]{subsection.0.7.1}{Advantages}{section.0.7}
\BOOKMARK [2][-]{subsection.0.7.2}{Disadvantages}{section.0.7}
\BOOKMARK [-1][-]{part.2}{USA Visa details}{}
\BOOKMARK [0][-]{section.0.8}{B Business/Visitor Visas}{part.2}
\BOOKMARK [1][-]{section.0.9}{F1}{section.0.8}
\BOOKMARK [2][-]{subsection.0.9.1}{OPT}{section.0.9}
\BOOKMARK [1][-]{section.0.10}{Employment visas}{section.0.8}
\BOOKMARK [1][-]{section.0.11}{Permanent Residence \(Green Card\)}{section.0.8}
\BOOKMARK [1][-]{section.0.12}{Citizenship}{section.0.8}
\BOOKMARK [-1][-]{part.3}{Status in India}{}
\BOOKMARK [0][-]{section.0.13}{Person of Indian Origin Card}{part.3}
