\BOOKMARK [-1][-]{part.1}{parichaya}{}
\BOOKMARK [0][-]{chapter.1}{Nature and purpose}{part.1}
\BOOKMARK [1][-]{section.1.1}{dharmAya saMvAdaH}{chapter.1}
\BOOKMARK [0][-]{chapter.2}{Branding: enabling precise appraisal}{part.1}
\BOOKMARK [1][-]{section.2.1}{Aim: honest appraisal}{chapter.2}
\BOOKMARK [1][-]{section.2.2}{Informing others of your worth}{chapter.2}
\BOOKMARK [1][-]{section.2.3}{Branding}{chapter.2}
\BOOKMARK [2][-]{subsection.2.3.1}{svarUpa-saMskAraH}{section.2.3}
\BOOKMARK [2][-]{subsection.2.3.2}{dEvatA-astitvE}{section.2.3}
\BOOKMARK [0][-]{chapter.3}{Biological mechanism}{part.1}
\BOOKMARK [1][-]{subsection.3.0.3}{hAsyaH}{chapter.3}
\BOOKMARK [0][-]{chapter.4}{Areas in need of improvment}{part.1}
\BOOKMARK [-1][-]{part.2}{Special situations}{}
\BOOKMARK [0][-]{chapter.5}{Incidental meetings}{part.2}
\BOOKMARK [1][-]{section.5.1}{Greeting}{chapter.5}
\BOOKMARK [1][-]{section.5.2}{Acquaintances}{chapter.5}
\BOOKMARK [2][-]{subsection.5.2.1}{Goal: smooth functioning}{section.5.2}
\BOOKMARK [2][-]{subsection.5.2.2}{Greeting protocol}{section.5.2}
\BOOKMARK [2][-]{subsection.5.2.3}{Serendipitious conversation}{section.5.2}
\BOOKMARK [0][-]{chapter.6}{Debate}{part.2}
\BOOKMARK [1][-]{section.6.1}{Discipline}{chapter.6}
\BOOKMARK [2][-]{subsection.6.1.1}{Need}{section.6.1}
\BOOKMARK [2][-]{subsection.6.1.2}{Expected structure}{section.6.1}
\BOOKMARK [3][-]{subsubsection.6.1.2.1}{Specifying claims}{subsection.6.1.2}
\BOOKMARK [3][-]{subsubsection.6.1.2.2}{Filtering and picking claim to contest}{subsection.6.1.2}
\BOOKMARK [3][-]{subsubsection.6.1.2.3}{Argument and refutation}{subsection.6.1.2}
\BOOKMARK [3][-]{subsubsection.6.1.2.4}{Closure and continuation}{subsection.6.1.2}
\BOOKMARK [2][-]{subsection.6.1.3}{Ground rules}{section.6.1}
\BOOKMARK [3][-]{subsubsection.6.1.3.1}{External references}{subsection.6.1.3}
\BOOKMARK [3][-]{subsubsection.6.1.3.2}{Role of ridicule}{subsection.6.1.3}
\BOOKMARK [2][-]{subsection.6.1.4}{Fallacies in arguments}{section.6.1}
\BOOKMARK [3][-]{subsubsection.6.1.4.1}{Addressing the wrong claim}{subsection.6.1.4}
\BOOKMARK [3][-]{subsubsection.6.1.4.2}{Logical error in the argument}{subsection.6.1.4}
\BOOKMARK [2][-]{subsection.6.1.5}{Enforcement}{section.6.1}
\BOOKMARK [3][-]{subsubsection.6.1.5.1}{Insufficient empathy correction}{subsection.6.1.5}
\BOOKMARK [3][-]{subsubsection.6.1.5.2}{Insufficient homework}{subsection.6.1.5}
\BOOKMARK [3][-]{subsubsection.6.1.5.3}{Encouragement for continuation}{subsection.6.1.5}
\BOOKMARK [1][-]{section.6.2}{bhAvanA-niyantraNaM}{chapter.6}
\BOOKMARK [1][-]{section.6.3}{Allowing saving of face}{chapter.6}
\BOOKMARK [0][-]{chapter.7}{Negotiations}{part.2}
\BOOKMARK [0][-]{chapter.8}{Establishing good memories in others}{part.2}
\BOOKMARK [0][-]{chapter.9}{Email and phone}{part.2}
\BOOKMARK [1][-]{section.9.1}{Email protocols}{chapter.9}
\BOOKMARK [2][-]{subsection.9.1.1}{Addressing others}{section.9.1}
\BOOKMARK [2][-]{subsection.9.1.2}{Role of email}{section.9.1}
\BOOKMARK [2][-]{subsection.9.1.3}{Awaiting Response}{section.9.1}
\BOOKMARK [1][-]{section.9.2}{Phone calls}{chapter.9}
\BOOKMARK [2][-]{subsection.9.2.1}{Work-related}{section.9.2}
\BOOKMARK [0][-]{chapter.10}{Apologizing techniques}{part.2}
\BOOKMARK [0][-]{chapter.11}{Technical discussions, lectures, interviews}{part.2}
\BOOKMARK [0][-]{chapter.12}{Conning and lying}{part.2}
\BOOKMARK [-1][-]{part.3}{Real-time interaction protocols}{}
\BOOKMARK [0][-]{chapter.13}{Composing oneself before planned meetings}{part.3}
\BOOKMARK [1][-]{section.13.1}{Calming turbulence}{chapter.13}
\BOOKMARK [2][-]{subsection.13.1.1}{Importance}{section.13.1}
\BOOKMARK [2][-]{subsection.13.1.2}{General technique}{section.13.1}
\BOOKMARK [2][-]{subsection.13.1.3}{Suppressing inopportune reactions}{section.13.1}
\BOOKMARK [1][-]{section.13.2}{Atma-parichayaH}{chapter.13}
\BOOKMARK [1][-]{section.13.3}{Dress strategy}{chapter.13}
\BOOKMARK [1][-]{section.13.4}{Timing}{chapter.13}
\BOOKMARK [0][-]{chapter.14}{Content}{part.3}
\BOOKMARK [1][-]{section.14.1}{Exchange stories}{chapter.14}
\BOOKMARK [0][-]{chapter.15}{Beginning and ending}{part.3}
\BOOKMARK [1][-]{section.15.1}{Beginning meetings}{chapter.15}
\BOOKMARK [1][-]{section.15.2}{Ending meetings}{chapter.15}
\BOOKMARK [0][-]{chapter.16}{Courtesy and formality}{part.3}
\BOOKMARK [0][-]{chapter.17}{Language, accent, voice}{part.3}
\BOOKMARK [1][-]{section.17.1}{Voices}{chapter.17}
\BOOKMARK [2][-]{subsection.17.1.1}{Confidential voice}{section.17.1}
\BOOKMARK [2][-]{subsection.17.1.2}{Commanding voice}{section.17.1}
\BOOKMARK [0][-]{chapter.18}{Body language}{part.3}
\BOOKMARK [1][-]{section.18.1}{parichayaM}{chapter.18}
\BOOKMARK [1][-]{section.18.2}{Importance of mastering it}{chapter.18}
\BOOKMARK [1][-]{section.18.3}{Vocabulary}{chapter.18}
\BOOKMARK [2][-]{subsection.18.3.1}{Confidence}{section.18.3}
\BOOKMARK [2][-]{subsection.18.3.2}{Friendliness, welcoming interaction}{section.18.3}
\BOOKMARK [3][-]{subsubsection.18.3.2.1}{Depth, truthfulness}{subsection.18.3.2}
\BOOKMARK [2][-]{subsection.18.3.3}{Trustworthiness, appeasement}{section.18.3}
\BOOKMARK [2][-]{subsection.18.3.4}{Acknowledgement of superiority}{section.18.3}
\BOOKMARK [2][-]{subsection.18.3.5}{Doubt or mental processing}{section.18.3}
\BOOKMARK [2][-]{subsection.18.3.6}{Authority, firmness}{section.18.3}
\BOOKMARK [2][-]{subsection.18.3.7}{Boredom and distraction}{section.18.3}
\BOOKMARK [2][-]{subsection.18.3.8}{Solitude}{section.18.3}
\BOOKMARK [2][-]{subsection.18.3.9}{Anger}{section.18.3}
\BOOKMARK [2][-]{subsection.18.3.10}{Fear}{section.18.3}
\BOOKMARK [2][-]{subsection.18.3.11}{Anxiety}{section.18.3}
\BOOKMARK [3][-]{subsubsection.18.3.11.1}{Detecting lies}{subsection.18.3.11}
\BOOKMARK [3][-]{subsubsection.18.3.11.2}{Uncomfortable truthfulness}{subsection.18.3.11}
\BOOKMARK [1][-]{section.18.4}{Expert lying}{chapter.18}
\BOOKMARK [2][-]{subsection.18.4.1}{Statue strategy}{section.18.4}
\BOOKMARK [2][-]{subsection.18.4.2}{Flase clown strategy}{section.18.4}
\BOOKMARK [2][-]{subsection.18.4.3}{Erratic signaling}{section.18.4}
